#
# A fatal error has been detected by the Java Runtime Environment:
#
#  Internal Error (javaCalls.cpp:51), pid=9295, tid=0x00007ffab6129700
#  guarantee(thread->is_Java_thread()) failed: crucial check - the VM thread cannot and must not escape to Java code
#
# JRE version: Java(TM) SE Runtime Environment (8.0_181-b13) (build 1.8.0_181-b13)
# Java VM: Java HotSpot(TM) 64-Bit Server VM (25.181-b13 mixed mode linux-amd64 compressed oops)
# Failed to write core dump. Core dumps have been disabled. To enable core dumping, try "ulimit -c unlimited" before starting Java again
#
# If you would like to submit a bug report, please visit:
#   http://bugreport.java.com/bugreport/crash.jsp
#

---------------  T H R E A D  ---------------

Current thread (0x00007ffad4146000):  VMThread [stack: 0x00007ffab602a000,0x00007ffab612a000] [id=9304]

Stack: [0x00007ffab602a000,0x00007ffab612a000],  sp=0x00007ffab6127410,  free space=1013k
Native frames: (J=compiled Java code, j=interpreted, Vv=VM code, C=native code)
V  [libjvm.so+0xad21aa]  VMError::report_and_die()+0x2ba
V  [libjvm.so+0x501a32]  report_vm_error(char const*, int, char const*, char const*)+0x62
V  [libjvm.so+0x6965d7]  JavaCallWrapper::JavaCallWrapper(methodHandle, Handle, JavaValue*, Thread*)+0x267
V  [libjvm.so+0x6972a4]  JavaCalls::call_helper(JavaValue*, methodHandle*, JavaCallArguments*, Thread*)+0x884
V  [libjvm.so+0x698e31]  JavaCalls::call_special(JavaValue*, KlassHandle, Symbol*, Symbol*, JavaCallArguments*, Thread*)+0x2d1
V  [libjvm.so+0x5855fa]  Exceptions::new_exception(Thread*, Symbol*, Symbol*, JavaCallArguments*, Handle, Handle)+0x17a
V  [libjvm.so+0x5856b2]  Exceptions::new_exception(Thread*, Symbol*, Symbol*, JavaCallArguments*, Handle, Handle, Handle)+0x22
V  [libjvm.so+0x585c61]  Exceptions::new_exception(Thread*, Symbol*, char const*, Handle, Handle, Handle, Exceptions::ExceptionMsgToUtf8Mode)+0x1d1
V  [libjvm.so+0x585cf8]  Exceptions::new_exception(Thread*, Symbol*, char const*, Exceptions::ExceptionMsgToUtf8Mode)+0x18
V  [libjvm.so+0x5f3d6b]  GenerateOopMap::verify_error(char const*, ...)+0x8b
V  [libjvm.so+0x5fb411]  GenerateOopMap::interp_bb(BasicBlock*)+0x3c1
V  [libjvm.so+0x5fc21a]  GenerateOopMap::do_interpretation()+0x17a
V  [libjvm.so+0x5fc5cd]  GenerateOopMap::compute_map(Thread*)+0x34d
V  [libjvm.so+0x91fcd4]  OopMapForCacheEntry::compute_map(Thread*)+0xb4
V  [libjvm.so+0x921a92]  OopMapCacheEntry::fill(methodHandle, int)+0x2d2
V  [libjvm.so+0x922244]  OopMapCache::compute_one_oop_map(methodHandle, int, InterpreterOopMap*)+0x124
V  [libjvm.so+0x922bee]  OopMapCache::lookup(methodHandle, int, InterpreterOopMap*) const+0x6de
V  [libjvm.so+0x64ab92]  InstanceKlass::mask_for(methodHandle, int, InterpreterOopMap*)+0x82
V  [libjvm.so+0x8bd3fd]  Method::mask_for(int, InterpreterOopMap*)+0x9d
V  [libjvm.so+0x7affb4]  VM_GetOrSetLocal::doit()+0x54
V  [libjvm.so+0xadb745]  VM_Operation::evaluate()+0x55
V  [libjvm.so+0xad9b0a]  VMThread::evaluate_operation(VM_Operation*)+0xba
V  [libjvm.so+0xad9e8e]  VMThread::loop()+0x1ce
V  [libjvm.so+0xada300]  VMThread::run()+0x70
V  [libjvm.so+0x930198]  java_start(Thread*)+0x108

VM_Operation (0x00007ffab5b20640): GetOrSetLocal, mode: safepoint, requested by thread 0x00007ffad4190800


---------------  P R O C E S S  ---------------

Java Threads: ( => current thread )
  0x00007ffad424d000 JavaThread "Service Thread" daemon [_thread_blocked, id=9322, stack(0x00007ffab541b000,0x00007ffab551c000)]
  0x00007ffad4247000 JavaThread "C1 CompilerThread2" daemon [_thread_blocked, id=9321, stack(0x00007ffab551d000,0x00007ffab561d000)]
  0x00007ffad4245000 JavaThread "C2 CompilerThread1" daemon [_thread_blocked, id=9320, stack(0x00007ffab561e000,0x00007ffab571e000)]
  0x00007ffad423e800 JavaThread "C2 CompilerThread0" daemon [_thread_blocked, id=9319, stack(0x00007ffab571f000,0x00007ffab581f000)]
  0x00007ffa98001000 JavaThread "JDWP Command Reader" daemon [_thread_in_native, id=9316, stack(0x00007ffab581f000,0x00007ffab5920000)]
  0x00007ffad4194000 JavaThread "JDWP Event Helper Thread" daemon [_thread_blocked, id=9315, stack(0x00007ffab5920000,0x00007ffab5a21000)]
  0x00007ffad4190800 JavaThread "JDWP Transport Listener: dt_socket" daemon [_thread_blocked, id=9312, stack(0x00007ffab5a21000,0x00007ffab5b22000)]
  0x00007ffad4184000 JavaThread "Signal Dispatcher" daemon [_thread_blocked, id=9311, stack(0x00007ffab5d26000,0x00007ffab5e27000)]
  0x00007ffad4152000 JavaThread "Finalizer" daemon [_thread_blocked, id=9306, stack(0x00007ffab5e27000,0x00007ffab5f28000)]
  0x00007ffad414f800 JavaThread "Reference Handler" daemon [_thread_blocked, id=9305, stack(0x00007ffab5f28000,0x00007ffab6029000)]
  0x00007ffad4011000 JavaThread "main" [_thread_blocked, id=9296, stack(0x00007ffadc747000,0x00007ffadc847000)]

Other Threads:
=>0x00007ffad4146000 VMThread [stack: 0x00007ffab602a000,0x00007ffab612a000] [id=9304]
  0x00007ffad4250000 WatcherThread [stack: 0x00007ffab531b000,0x00007ffab541b000] [id=9323]

VM state:at safepoint (normal execution)

VM Mutex/Monitor currently owned by a thread:  ([mutex/lock_event])
[0x00007ffad400d730] Threads_lock - owner thread: 0x00007ffad4146000

Heap:
 PSYoungGen      total 74752K, used 11636K [0x000000076d100000, 0x0000000772400000, 0x00000007c0000000)
  eden space 64512K, 18% used [0x000000076d100000,0x000000076dc5d0c8,0x0000000771000000)
  from space 10240K, 0% used [0x0000000771a00000,0x0000000771a00000,0x0000000772400000)
  to   space 10240K, 0% used [0x0000000771000000,0x0000000771000000,0x0000000771a00000)
 ParOldGen       total 171008K, used 0K [0x00000006c7200000, 0x00000006d1900000, 0x000000076d100000)
  object space 171008K, 0% used [0x00000006c7200000,0x00000006c7200000,0x00000006d1900000)
 Metaspace       used 4729K, capacity 5190K, committed 5504K, reserved 1056768K
  class space    used 542K, capacity 561K, committed 640K, reserved 1048576K

Card table byte_map: [0x00007ffac4838000,0x00007ffac5000000] byte_map_base: 0x00007ffac11ff000

Marking Bits: (ParMarkBitMap*) 0x00007ffadbbe90a0
 Begin Bits: [0x00007ffaa8390000, 0x00007ffaac1c8000)
 End Bits:   [0x00007ffaac1c8000, 0x00007ffab0000000)

Polling page: 0x00007ffadc866000

CodeCache: size=245760Kb used=1786Kb max_used=1803Kb free=243973Kb
 bounds [0x00007ffac5000000, 0x00007ffac5270000, 0x00007ffad4000000]
 total_blobs=525 nmethods=268 adapters=179
 compilation: enabled

Compilation events (10 events):
Event: 0,555 Thread 0x00007ffad4245000  264  s    4       sun.misc.URLClassPath::getNextLoader (88 bytes)
Event: 0,565 Thread 0x00007ffad4247000  268       3       java.lang.String::concat (47 bytes)
Event: 0,566 Thread 0x00007ffad4247000 nmethod 268 0x00007ffac51bac10 code [0x00007ffac51bade0, 0x00007ffac51bb5b8]
Event: 0,566 Thread 0x00007ffad4247000  269       3       java.lang.String::getChars (16 bytes)
Event: 0,566 Thread 0x00007ffad4247000 nmethod 269 0x00007ffac51bb990 code [0x00007ffac51bbb00, 0x00007ffac51bbd28]
Event: 0,566 Thread 0x00007ffad4247000  266  s    3       sun.misc.URLClassPath::getLookupCache (98 bytes)
Event: 0,566 Thread 0x00007ffad4247000 nmethod 266 0x00007ffac51bbe10 code [0x00007ffac51bbfa0, 0x00007ffac51bc518]
Event: 0,566 Thread 0x00007ffad4247000  265       1       java.nio.Buffer::position (5 bytes)
Event: 0,566 Thread 0x00007ffad4247000 nmethod 265 0x00007ffac51bc690 code [0x00007ffac51bc7e0, 0x00007ffac51bc8f0]
Event: 0,581 Thread 0x00007ffad4245000 nmethod 264 0x00007ffac51c0990 code [0x00007ffac51c0c20, 0x00007ffac51c2010]

GC Heap History (0 events):
No events

Deoptimization events (0 events):
No events

Classes redefined (7 events):
Event: 114,984 Thread 0x00007ffad4146000 redefined class name=Project, count=1
Event: 198,712 Thread 0x00007ffad4146000 redefined class name=Project, count=2
Event: 2847,937 Thread 0x00007ffad4146000 redefined class name=ProjectTests, count=1
Event: 2847,938 Thread 0x00007ffad4146000 redefined class name=Project, count=3
Event: 3348,563 Thread 0x00007ffad4146000 redefined class name=ProjectTests, count=2
Event: 3348,564 Thread 0x00007ffad4146000 redefined class name=Project, count=4
Event: 3548,387 Thread 0x00007ffad4146000 redefined class name=ProjectTests, count=3

Internal exceptions (7 events):
Event: 0,024 Thread 0x00007ffad4011000 Exception <a 'java/lang/NoSuchMethodError': Method sun.misc.Unsafe.defineClass(Ljava/lang/String;[BII)Ljava/lang/Class; name or signature does not match> (0x000000076d107cb0) thrown at [/HUDSON/workspace/8-2-build-linux-amd64/jdk8u181/11358/hotspot/src/sh
Event: 0,024 Thread 0x00007ffad4011000 Exception <a 'java/lang/NoSuchMethodError': Method sun.misc.Unsafe.prefetchRead(Ljava/lang/Object;J)V name or signature does not match> (0x000000076d107f98) thrown at [/HUDSON/workspace/8-2-build-linux-amd64/jdk8u181/11358/hotspot/src/share/vm/prims/jni.c
Event: 0,318 Thread 0x00007ffad4011000 Exception <a 'java/io/FileNotFoundException'> (0x000000076d4cc9c8) thrown at [/HUDSON/workspace/8-2-build-linux-amd64/jdk8u181/11358/hotspot/src/share/vm/prims/jni.cpp, line 709]
Event: 0,338 Thread 0x00007ffad4011000 Exception <a 'java/security/PrivilegedActionException'> (0x000000076d66e588) thrown at [/HUDSON/workspace/8-2-build-linux-amd64/jdk8u181/11358/hotspot/src/share/vm/prims/jvm.cpp, line 1435]
Event: 0,338 Thread 0x00007ffad4011000 Exception <a 'java/security/PrivilegedActionException'> (0x000000076d66e798) thrown at [/HUDSON/workspace/8-2-build-linux-amd64/jdk8u181/11358/hotspot/src/share/vm/prims/jvm.cpp, line 1435]
Event: 0,339 Thread 0x00007ffad4011000 Exception <a 'java/security/PrivilegedActionException'> (0x000000076d670c00) thrown at [/HUDSON/workspace/8-2-build-linux-amd64/jdk8u181/11358/hotspot/src/share/vm/prims/jvm.cpp, line 1435]
Event: 0,339 Thread 0x00007ffad4011000 Exception <a 'java/security/PrivilegedActionException'> (0x000000076d670e10) thrown at [/HUDSON/workspace/8-2-build-linux-amd64/jdk8u181/11358/hotspot/src/share/vm/prims/jvm.cpp, line 1435]

Events (10 events):
Event: 3548,384 Executing VM operation: ChangeBreakpoints done
Event: 3548,384 Executing VM operation: ChangeBreakpoints
Event: 3548,384 Executing VM operation: ChangeBreakpoints done
Event: 3548,384 Executing VM operation: ChangeBreakpoints
Event: 3548,384 Executing VM operation: ChangeBreakpoints done
Event: 3548,385 Executing VM operation: ChangeBreakpoints
Event: 3548,385 Executing VM operation: ChangeBreakpoints done
Event: 3548,386 Executing VM operation: RedefineClasses
Event: 3548,387 Executing VM operation: RedefineClasses done
Event: 3548,388 Executing VM operation: GetOrSetLocal


Dynamic libraries:
00400000-00401000 r-xp 00000000 08:02 7209912                            /usr/lib/jvm/java-8-oracle/bin/java
00600000-00601000 rw-p 00000000 08:02 7209912                            /usr/lib/jvm/java-8-oracle/bin/java
00efd000-00f1e000 rw-p 00000000 00:00 0                                  [heap]
6c7200000-6d1900000 rw-p 00000000 00:00 0 
6d1900000-76d100000 ---p 00000000 00:00 0 
76d100000-772400000 rw-p 00000000 00:00 0 
772400000-7c0000000 ---p 00000000 00:00 0 
7c0000000-7c00a0000 rw-p 00000000 00:00 0 
7c00a0000-800000000 ---p 00000000 00:00 0 
7ffa74000000-7ffa74021000 rw-p 00000000 00:00 0 
7ffa74021000-7ffa78000000 ---p 00000000 00:00 0 
7ffa7c000000-7ffa7c174000 rw-p 00000000 00:00 0 
7ffa7c174000-7ffa80000000 ---p 00000000 00:00 0 
7ffa80000000-7ffa80021000 rw-p 00000000 00:00 0 
7ffa80021000-7ffa84000000 ---p 00000000 00:00 0 
7ffa84000000-7ffa84064000 rw-p 00000000 00:00 0 
7ffa84064000-7ffa88000000 ---p 00000000 00:00 0 
7ffa88000000-7ffa8819c000 rw-p 00000000 00:00 0 
7ffa8819c000-7ffa8c000000 ---p 00000000 00:00 0 
7ffa8c000000-7ffa8c021000 rw-p 00000000 00:00 0 
7ffa8c021000-7ffa90000000 ---p 00000000 00:00 0 
7ffa90000000-7ffa90021000 rw-p 00000000 00:00 0 
7ffa90021000-7ffa94000000 ---p 00000000 00:00 0 
7ffa94000000-7ffa94021000 rw-p 00000000 00:00 0 
7ffa94021000-7ffa98000000 ---p 00000000 00:00 0 
7ffa98000000-7ffa98021000 rw-p 00000000 00:00 0 
7ffa98021000-7ffa9c000000 ---p 00000000 00:00 0 
7ffa9c000000-7ffa9c021000 rw-p 00000000 00:00 0 
7ffa9c021000-7ffaa0000000 ---p 00000000 00:00 0 
7ffaa0000000-7ffaa0021000 rw-p 00000000 00:00 0 
7ffaa0021000-7ffaa4000000 ---p 00000000 00:00 0 
7ffaa4000000-7ffaa429b000 rw-p 00000000 00:00 0 
7ffaa429b000-7ffaa8000000 ---p 00000000 00:00 0 
7ffaa8390000-7ffab0000000 rw-p 00000000 00:00 0 
7ffab0000000-7ffab0021000 rw-p 00000000 00:00 0 
7ffab0021000-7ffab4000000 ---p 00000000 00:00 0 
7ffab531a000-7ffab531b000 ---p 00000000 00:00 0 
7ffab531b000-7ffab541b000 rw-p 00000000 00:00 0 
7ffab541b000-7ffab541e000 ---p 00000000 00:00 0 
7ffab541e000-7ffab551c000 rw-p 00000000 00:00 0 
7ffab551c000-7ffab551d000 ---p 00000000 00:00 0 
7ffab551d000-7ffab5520000 ---p 00000000 00:00 0 
7ffab5520000-7ffab561d000 rw-p 00000000 00:00 0 
7ffab561d000-7ffab561e000 ---p 00000000 00:00 0 
7ffab561e000-7ffab5621000 ---p 00000000 00:00 0 
7ffab5621000-7ffab571e000 rw-p 00000000 00:00 0 
7ffab571e000-7ffab571f000 ---p 00000000 00:00 0 
7ffab571f000-7ffab5722000 ---p 00000000 00:00 0 
7ffab5722000-7ffab581f000 rw-p 00000000 00:00 0 
7ffab581f000-7ffab5822000 ---p 00000000 00:00 0 
7ffab5822000-7ffab5920000 rw-p 00000000 00:00 0 
7ffab5920000-7ffab5923000 ---p 00000000 00:00 0 
7ffab5923000-7ffab5a21000 rw-p 00000000 00:00 0 
7ffab5a21000-7ffab5a24000 ---p 00000000 00:00 0 
7ffab5a24000-7ffab5b22000 rw-p 00000000 00:00 0 
7ffab5b22000-7ffab5b26000 r-xp 00000000 08:02 7342289                    /usr/lib/jvm/java-8-oracle/jre/lib/amd64/libdt_socket.so
7ffab5b26000-7ffab5d25000 ---p 00004000 08:02 7342289                    /usr/lib/jvm/java-8-oracle/jre/lib/amd64/libdt_socket.so
7ffab5d25000-7ffab5d26000 rw-p 00003000 08:02 7342289                    /usr/lib/jvm/java-8-oracle/jre/lib/amd64/libdt_socket.so
7ffab5d26000-7ffab5d29000 ---p 00000000 00:00 0 
7ffab5d29000-7ffab5e27000 rw-p 00000000 00:00 0 
7ffab5e27000-7ffab5e2a000 ---p 00000000 00:00 0 
7ffab5e2a000-7ffab5f28000 rw-p 00000000 00:00 0 
7ffab5f28000-7ffab5f2b000 ---p 00000000 00:00 0 
7ffab5f2b000-7ffab6029000 rw-p 00000000 00:00 0 
7ffab6029000-7ffab602a000 ---p 00000000 00:00 0 
7ffab602a000-7ffab74f9000 rw-p 00000000 00:00 0 
7ffab74f9000-7ffab7839000 ---p 00000000 00:00 0 
7ffab7839000-7ffab8000000 rw-p 00000000 00:00 0 
7ffab8000000-7ffab8021000 rw-p 00000000 00:00 0 
7ffab8021000-7ffabc000000 ---p 00000000 00:00 0 
7ffabc000000-7ffabc021000 rw-p 00000000 00:00 0 
7ffabc021000-7ffac0000000 ---p 00000000 00:00 0 
7ffac0000000-7ffac0021000 rw-p 00000000 00:00 0 
7ffac0021000-7ffac4000000 ---p 00000000 00:00 0 
7ffac402d000-7ffac4207000 r--s 03d6b000 08:02 7217174                    /usr/lib/jvm/java-8-oracle/jre/lib/rt.jar
7ffac4207000-7ffac4208000 ---p 00000000 00:00 0 
7ffac4208000-7ffac435c000 rw-p 00000000 00:00 0 
7ffac435c000-7ffac4838000 ---p 00000000 00:00 0 
7ffac4838000-7ffac488c000 rw-p 00000000 00:00 0 
7ffac488c000-7ffac4d67000 ---p 00000000 00:00 0 
7ffac4d67000-7ffac4d91000 rw-p 00000000 00:00 0 
7ffac4d91000-7ffac4fff000 ---p 00000000 00:00 0 
7ffac4fff000-7ffac5000000 rw-p 00000000 00:00 0 
7ffac5000000-7ffac5270000 rwxp 00000000 00:00 0 
7ffac5270000-7ffad4000000 ---p 00000000 00:00 0 
7ffad4000000-7ffad4535000 rw-p 00000000 00:00 0 
7ffad4535000-7ffad8000000 ---p 00000000 00:00 0 
7ffad8002000-7ffad8009000 r--s 00064000 08:02 12976427                   /home/robot/bin/ideaIU-2018.1.6/idea-IU-181.5540.7/lib/rt/debugger-agent.jar
7ffad8009000-7ffad8011000 r--s 00045000 08:02 2229601                    /home/robot/.gradle/caches/modules-2/files-2.1/junit/junit/4.12/2973d150c0dc1fefe998f834810d68f278ea58ec/junit-4.12.jar
7ffad8011000-7ffad8024000 r--s 00345000 08:02 7217212                    /usr/lib/jvm/java-8-oracle/jre/lib/resources.jar
7ffad8024000-7ffad8037000 r--s 000d6000 08:02 7217116                    /usr/lib/jvm/java-8-oracle/jre/lib/plugin.jar
7ffad8037000-7ffad80fc000 rw-p 00000000 00:00 0 
7ffad80fc000-7ffad80fd000 ---p 00000000 00:00 0 
7ffad80fd000-7ffad81fd000 rw-p 00000000 00:00 0 
7ffad81fd000-7ffad81fe000 ---p 00000000 00:00 0 
7ffad81fe000-7ffad82fe000 rw-p 00000000 00:00 0 
7ffad82fe000-7ffad82ff000 ---p 00000000 00:00 0 
7ffad82ff000-7ffad8409000 rw-p 00000000 00:00 0 
7ffad8409000-7ffad87bf000 ---p 00000000 00:00 0 
7ffad87bf000-7ffad87da000 r-xp 00000000 08:02 7342322                    /usr/lib/jvm/java-8-oracle/jre/lib/amd64/libzip.so
7ffad87da000-7ffad89da000 ---p 0001b000 08:02 7342322                    /usr/lib/jvm/java-8-oracle/jre/lib/amd64/libzip.so
7ffad89da000-7ffad89db000 rw-p 0001b000 08:02 7342322                    /usr/lib/jvm/java-8-oracle/jre/lib/amd64/libzip.so
7ffad89db000-7ffad89e6000 r-xp 00000000 08:02 4592335                    /lib/x86_64-linux-gnu/libnss_files-2.27.so
7ffad89e6000-7ffad8be5000 ---p 0000b000 08:02 4592335                    /lib/x86_64-linux-gnu/libnss_files-2.27.so
7ffad8be5000-7ffad8be6000 r--p 0000a000 08:02 4592335                    /lib/x86_64-linux-gnu/libnss_files-2.27.so
7ffad8be6000-7ffad8be7000 rw-p 0000b000 08:02 4592335                    /lib/x86_64-linux-gnu/libnss_files-2.27.so
7ffad8be7000-7ffad8bed000 rw-p 00000000 00:00 0 
7ffad8bed000-7ffad8c04000 r-xp 00000000 08:02 4592329                    /lib/x86_64-linux-gnu/libnsl-2.27.so
7ffad8c04000-7ffad8e03000 ---p 00017000 08:02 4592329                    /lib/x86_64-linux-gnu/libnsl-2.27.so
7ffad8e03000-7ffad8e04000 r--p 00016000 08:02 4592329                    /lib/x86_64-linux-gnu/libnsl-2.27.so
7ffad8e04000-7ffad8e05000 rw-p 00017000 08:02 4592329                    /lib/x86_64-linux-gnu/libnsl-2.27.so
7ffad8e05000-7ffad8e07000 rw-p 00000000 00:00 0 
7ffad8e07000-7ffad8e12000 r-xp 00000000 08:02 4592346                    /lib/x86_64-linux-gnu/libnss_nis-2.27.so
7ffad8e12000-7ffad9011000 ---p 0000b000 08:02 4592346                    /lib/x86_64-linux-gnu/libnss_nis-2.27.so
7ffad9011000-7ffad9012000 r--p 0000a000 08:02 4592346                    /lib/x86_64-linux-gnu/libnss_nis-2.27.so
7ffad9012000-7ffad9013000 rw-p 0000b000 08:02 4592346                    /lib/x86_64-linux-gnu/libnss_nis-2.27.so
7ffad9013000-7ffad901b000 r-xp 00000000 08:02 4592331                    /lib/x86_64-linux-gnu/libnss_compat-2.27.so
7ffad901b000-7ffad921b000 ---p 00008000 08:02 4592331                    /lib/x86_64-linux-gnu/libnss_compat-2.27.so
7ffad921b000-7ffad921c000 r--p 00008000 08:02 4592331                    /lib/x86_64-linux-gnu/libnss_compat-2.27.so
7ffad921c000-7ffad921d000 rw-p 00009000 08:02 4592331                    /lib/x86_64-linux-gnu/libnss_compat-2.27.so
7ffad921d000-7ffad9227000 r-xp 00000000 08:02 7342331                    /usr/lib/jvm/java-8-oracle/jre/lib/amd64/libinstrument.so
7ffad9227000-7ffad9426000 ---p 0000a000 08:02 7342331                    /usr/lib/jvm/java-8-oracle/jre/lib/amd64/libinstrument.so
7ffad9426000-7ffad9427000 rw-p 00009000 08:02 7342331                    /usr/lib/jvm/java-8-oracle/jre/lib/amd64/libinstrument.so
7ffad9427000-7ffad9df6000 r--p 00000000 08:02 6691448                    /usr/lib/locale/locale-archive
7ffad9df6000-7ffad9df8000 r-xp 00000000 08:02 7342291                    /usr/lib/jvm/java-8-oracle/jre/lib/amd64/libnpt.so
7ffad9df8000-7ffad9ff8000 ---p 00002000 08:02 7342291                    /usr/lib/jvm/java-8-oracle/jre/lib/amd64/libnpt.so
7ffad9ff8000-7ffad9ff9000 rw-p 00002000 08:02 7342291                    /usr/lib/jvm/java-8-oracle/jre/lib/amd64/libnpt.so
7ffad9ff9000-7ffada033000 r-xp 00000000 08:02 7342309                    /usr/lib/jvm/java-8-oracle/jre/lib/amd64/libjdwp.so
7ffada033000-7ffada232000 ---p 0003a000 08:02 7342309                    /usr/lib/jvm/java-8-oracle/jre/lib/amd64/libjdwp.so
7ffada232000-7ffada233000 rw-p 00039000 08:02 7342309                    /usr/lib/jvm/java-8-oracle/jre/lib/amd64/libjdwp.so
7ffada233000-7ffada234000 rw-p 00000000 00:00 0 
7ffada234000-7ffada25f000 r-xp 00000000 08:02 7342316                    /usr/lib/jvm/java-8-oracle/jre/lib/amd64/libjava.so
7ffada25f000-7ffada45e000 ---p 0002b000 08:02 7342316                    /usr/lib/jvm/java-8-oracle/jre/lib/amd64/libjava.so
7ffada45e000-7ffada460000 rw-p 0002a000 08:02 7342316                    /usr/lib/jvm/java-8-oracle/jre/lib/amd64/libjava.so
7ffada460000-7ffada46d000 r-xp 00000000 08:02 7342321                    /usr/lib/jvm/java-8-oracle/jre/lib/amd64/libverify.so
7ffada46d000-7ffada66d000 ---p 0000d000 08:02 7342321                    /usr/lib/jvm/java-8-oracle/jre/lib/amd64/libverify.so
7ffada66d000-7ffada66f000 rw-p 0000d000 08:02 7342321                    /usr/lib/jvm/java-8-oracle/jre/lib/amd64/libverify.so
7ffada66f000-7ffada676000 r-xp 00000000 08:02 4592386                    /lib/x86_64-linux-gnu/librt-2.27.so
7ffada676000-7ffada875000 ---p 00007000 08:02 4592386                    /lib/x86_64-linux-gnu/librt-2.27.so
7ffada875000-7ffada876000 r--p 00006000 08:02 4592386                    /lib/x86_64-linux-gnu/librt-2.27.so
7ffada876000-7ffada877000 rw-p 00007000 08:02 4592386                    /lib/x86_64-linux-gnu/librt-2.27.so
7ffada877000-7ffadaa14000 r-xp 00000000 08:02 4592308                    /lib/x86_64-linux-gnu/libm-2.27.so
7ffadaa14000-7ffadac13000 ---p 0019d000 08:02 4592308                    /lib/x86_64-linux-gnu/libm-2.27.so
7ffadac13000-7ffadac14000 r--p 0019c000 08:02 4592308                    /lib/x86_64-linux-gnu/libm-2.27.so
7ffadac14000-7ffadac15000 rw-p 0019d000 08:02 4592308                    /lib/x86_64-linux-gnu/libm-2.27.so
7ffadac15000-7ffadb8f1000 r-xp 00000000 08:02 7342298                    /usr/lib/jvm/java-8-oracle/jre/lib/amd64/server/libjvm.so
7ffadb8f1000-7ffadbaf1000 ---p 00cdc000 08:02 7342298                    /usr/lib/jvm/java-8-oracle/jre/lib/amd64/server/libjvm.so
7ffadbaf1000-7ffadbbcb000 rw-p 00cdc000 08:02 7342298                    /usr/lib/jvm/java-8-oracle/jre/lib/amd64/server/libjvm.so
7ffadbbcb000-7ffadbc16000 rw-p 00000000 00:00 0 
7ffadbc16000-7ffadbdfd000 r-xp 00000000 08:02 4592245                    /lib/x86_64-linux-gnu/libc-2.27.so
7ffadbdfd000-7ffadbffd000 ---p 001e7000 08:02 4592245                    /lib/x86_64-linux-gnu/libc-2.27.so
7ffadbffd000-7ffadc001000 r--p 001e7000 08:02 4592245                    /lib/x86_64-linux-gnu/libc-2.27.so
7ffadc001000-7ffadc003000 rw-p 001eb000 08:02 4592245                    /lib/x86_64-linux-gnu/libc-2.27.so
7ffadc003000-7ffadc007000 rw-p 00000000 00:00 0 
7ffadc007000-7ffadc00a000 r-xp 00000000 08:02 4592268                    /lib/x86_64-linux-gnu/libdl-2.27.so
7ffadc00a000-7ffadc209000 ---p 00003000 08:02 4592268                    /lib/x86_64-linux-gnu/libdl-2.27.so
7ffadc209000-7ffadc20a000 r--p 00002000 08:02 4592268                    /lib/x86_64-linux-gnu/libdl-2.27.so
7ffadc20a000-7ffadc20b000 rw-p 00003000 08:02 4592268                    /lib/x86_64-linux-gnu/libdl-2.27.so
7ffadc20b000-7ffadc221000 r-xp 00000000 08:02 7217036                    /usr/lib/jvm/java-8-oracle/lib/amd64/jli/libjli.so
7ffadc221000-7ffadc420000 ---p 00016000 08:02 7217036                    /usr/lib/jvm/java-8-oracle/lib/amd64/jli/libjli.so
7ffadc420000-7ffadc421000 rw-p 00015000 08:02 7217036                    /usr/lib/jvm/java-8-oracle/lib/amd64/jli/libjli.so
7ffadc421000-7ffadc43b000 r-xp 00000000 08:02 4592378                    /lib/x86_64-linux-gnu/libpthread-2.27.so
7ffadc43b000-7ffadc63a000 ---p 0001a000 08:02 4592378                    /lib/x86_64-linux-gnu/libpthread-2.27.so
7ffadc63a000-7ffadc63b000 r--p 00019000 08:02 4592378                    /lib/x86_64-linux-gnu/libpthread-2.27.so
7ffadc63b000-7ffadc63c000 rw-p 0001a000 08:02 4592378                    /lib/x86_64-linux-gnu/libpthread-2.27.so
7ffadc63c000-7ffadc640000 rw-p 00000000 00:00 0 
7ffadc640000-7ffadc667000 r-xp 00000000 08:02 4592217                    /lib/x86_64-linux-gnu/ld-2.27.so
7ffadc669000-7ffadc66b000 r--s 0000a000 08:02 12976602                   /home/robot/bin/ideaIU-2018.1.6/idea-IU-181.5540.7/plugins/Groovy/lib/agent/gragent.jar
7ffadc66b000-7ffadc66d000 r--s 00009000 08:02 2229602                    /home/robot/.gradle/caches/modules-2/files-2.1/org.hamcrest/hamcrest-core/1.3/42a25dc3219429f0e5d060061f71acb49bf010a0/hamcrest-core-1.3.jar
7ffadc66d000-7ffadc66e000 r--s 00000000 08:02 7217098                    /usr/lib/jvm/java-8-oracle/jre/lib/management-agent.jar
7ffadc66e000-7ffadc673000 r--s 0009d000 08:02 7217224                    /usr/lib/jvm/java-8-oracle/jre/lib/jsse.jar
7ffadc673000-7ffadc678000 r--s 00084000 08:02 7217091                    /usr/lib/jvm/java-8-oracle/jre/lib/jfr.jar
7ffadc678000-7ffadc681000 r--s 0006d000 08:02 7217101                    /usr/lib/jvm/java-8-oracle/jre/lib/javaws.jar
7ffadc681000-7ffadc69d000 r--s 0020b000 08:02 7217092                    /usr/lib/jvm/java-8-oracle/jre/lib/deploy.jar
7ffadc69d000-7ffadc746000 rw-p 00000000 00:00 0 
7ffadc746000-7ffadc747000 ---p 00000000 00:00 0 
7ffadc747000-7ffadc74a000 ---p 00000000 00:00 0 
7ffadc74a000-7ffadc84b000 rw-p 00000000 00:00 0 
7ffadc84b000-7ffadc84d000 r--s 00007000 08:02 7217232                    /usr/lib/jvm/java-8-oracle/jre/lib/jfxswt.jar
7ffadc84d000-7ffadc850000 r--s 0001a000 08:02 7217230                    /usr/lib/jvm/java-8-oracle/jre/lib/jce.jar
7ffadc850000-7ffadc855000 r--s 002f9000 08:02 7217172                    /usr/lib/jvm/java-8-oracle/jre/lib/charsets.jar
7ffadc855000-7ffadc857000 r--s 00008000 08:02 13239689                   /home/robot/bin/ideaIU-2018.1.6/idea-IU-181.5540.7/plugins/junit/lib/junit5-rt.jar
7ffadc857000-7ffadc85a000 r--s 0001f000 08:02 13239688                   /home/robot/bin/ideaIU-2018.1.6/idea-IU-181.5540.7/plugins/junit/lib/junit-rt.jar
7ffadc85a000-7ffadc85c000 r--s 0001a000 08:02 12976341                   /home/robot/bin/ideaIU-2018.1.6/idea-IU-181.5540.7/lib/idea_rt.jar
7ffadc85c000-7ffadc85d000 r--s 00002000 08:02 12976426                   /home/robot/bin/ideaIU-2018.1.6/idea-IU-181.5540.7/lib/rt/debugger-agent-storage.jar
7ffadc85d000-7ffadc865000 rw-s 00000000 08:02 2228312                    /tmp/hsperfdata_robot/9295
7ffadc865000-7ffadc866000 rw-p 00000000 00:00 0 
7ffadc866000-7ffadc867000 ---p 00000000 00:00 0 
7ffadc867000-7ffadc868000 r--p 00027000 08:02 4592217                    /lib/x86_64-linux-gnu/ld-2.27.so
7ffadc868000-7ffadc869000 rw-p 00028000 08:02 4592217                    /lib/x86_64-linux-gnu/ld-2.27.so
7ffadc869000-7ffadc86a000 rw-p 00000000 00:00 0 
7ffe0f39b000-7ffe0f3bd000 rw-p 00000000 00:00 0                          [stack]
7ffe0f3d6000-7ffe0f3d9000 r--p 00000000 00:00 0                          [vvar]
7ffe0f3d9000-7ffe0f3db000 r-xp 00000000 00:00 0                          [vdso]
ffffffffff600000-ffffffffff601000 r-xp 00000000 00:00 0                  [vsyscall]

VM Arguments:
jvm_args: -agentlib:jdwp=transport=dt_socket,address=127.0.0.1:40681,suspend=y,server=n -ea -Didea.test.cyclic.buffer.size=1048576 -javaagent:/home/robot/bin/ideaIU-2018.1.6/idea-IU-181.5540.7/plugins/Groovy/lib/agent/gragent.jar -javaagent:/home/robot/bin/ideaIU-2018.1.6/idea-IU-181.5540.7/lib/rt/debugger-agent.jar=file:/tmp/capture.props -Dfile.encoding=UTF-8 
java_command: com.intellij.rt.execution.junit.JUnitStarter -ideVersion5 -junit4 ProjectTests,testCanFinishProject
java_class_path (initial): /home/robot/bin/ideaIU-2018.1.6/idea-IU-181.5540.7/lib/idea_rt.jar:/home/robot/bin/ideaIU-2018.1.6/idea-IU-181.5540.7/plugins/junit/lib/junit-rt.jar:/home/robot/bin/ideaIU-2018.1.6/idea-IU-181.5540.7/plugins/junit/lib/junit5-rt.jar:/usr/lib/jvm/java-8-oracle/jre/lib/charsets.jar:/usr/lib/jvm/java-8-oracle/jre/lib/deploy.jar:/usr/lib/jvm/java-8-oracle/jre/lib/ext/cldrdata.jar:/usr/lib/jvm/java-8-oracle/jre/lib/ext/dnsns.jar:/usr/lib/jvm/java-8-oracle/jre/lib/ext/jaccess.jar:/usr/lib/jvm/java-8-oracle/jre/lib/ext/jfxrt.jar:/usr/lib/jvm/java-8-oracle/jre/lib/ext/localedata.jar:/usr/lib/jvm/java-8-oracle/jre/lib/ext/nashorn.jar:/usr/lib/jvm/java-8-oracle/jre/lib/ext/sunec.jar:/usr/lib/jvm/java-8-oracle/jre/lib/ext/sunjce_provider.jar:/usr/lib/jvm/java-8-oracle/jre/lib/ext/sunpkcs11.jar:/usr/lib/jvm/java-8-oracle/jre/lib/ext/zipfs.jar:/usr/lib/jvm/java-8-oracle/jre/lib/javaws.jar:/usr/lib/jvm/java-8-oracle/jre/lib/jce.jar:/usr/lib/jvm/java-8-oracle/jre/lib/jfr.jar:/usr/lib/jvm/java-8-oracle/jre/lib/jfxswt.jar:/usr/lib/jvm/java-8-oracle/jre/lib/jsse.jar:/usr/lib/jvm/java-8-oracle/jre/lib/management-agent.jar:/usr/lib/jvm/java-8-oracle/jre/lib/plugin.jar:/usr/lib/jvm/java-8-oracle/jre/lib/resources.jar:/usr/lib/jvm/java-8-oracle/jre/lib/rt.jar:/home/robot/proyectos/EjerciciosMaxi/equipo/out/test/classes:/home/robot/proyectos/EjerciciosMaxi/equipo/out/production/classes:/home/robot/.gradle/caches/modules-2/files-2.1/junit/junit/4.12/2973d150c0dc1fefe998f834810d68f278ea58ec/junit-4.12.jar:/home/robot/.gradle/caches/modules-2/files-2.1/org.hamcrest/hamcrest-core/1.3/42a25dc3219429f0e5d060061f71acb49bf010a0/hamcrest-core-1.3.jar:/home/robot/bin/ideaIU-2018.1.6/idea-IU-181.5540.7/plugins/Groovy/lib/agent/gragent.jar:/home/robot/bin/ideaIU-2018.1.6/idea-IU-181.5540.7/lib/rt/debugger-agent.jar
Launcher Type: SUN_STANDARD

Environment Variables:
JAVA_HOME=/usr/lib/jvm/java-8-oracle
PATH=/home/robot/bin:/opt/maven/bin:/usr/local/sbin:/usr/local/bin:/usr/sbin:/usr/bin:/sbin:/bin:/usr/games:/usr/local/games:/snap/bin:/usr/lib/jvm/java-8-oracle/bin:/usr/lib/jvm/java-8-oracle/db/bin:/usr/lib/jvm/java-8-oracle/jre/bin
USERNAME=robot
SHELL=/usr/bin/zsh
DISPLAY=:0

Signal Handlers:
SIGSEGV: [libjvm.so+0xad2a40], sa_mask[0]=11111111011111111101111111111110, sa_flags=SA_RESTART|SA_SIGINFO
SIGBUS: [libjvm.so+0xad2a40], sa_mask[0]=11111111011111111101111111111110, sa_flags=SA_RESTART|SA_SIGINFO
SIGFPE: [libjvm.so+0x92a610], sa_mask[0]=11111111011111111101111111111110, sa_flags=SA_RESTART|SA_SIGINFO
SIGPIPE: [libjvm.so+0x92a610], sa_mask[0]=11111111011111111101111111111110, sa_flags=SA_RESTART|SA_SIGINFO
SIGXFSZ: [libjvm.so+0x92a610], sa_mask[0]=11111111011111111101111111111110, sa_flags=SA_RESTART|SA_SIGINFO
SIGILL: [libjvm.so+0x92a610], sa_mask[0]=11111111011111111101111111111110, sa_flags=SA_RESTART|SA_SIGINFO
SIGUSR1: SIG_DFL, sa_mask[0]=00000000000000000000000000000000, sa_flags=none
SIGUSR2: [libjvm.so+0x92be70], sa_mask[0]=00100000000000000000000000000000, sa_flags=SA_RESTART|SA_SIGINFO
SIGHUP: [libjvm.so+0x92d270], sa_mask[0]=11111111011111111101111111111110, sa_flags=SA_RESTART|SA_SIGINFO
SIGINT: [libjvm.so+0x92d270], sa_mask[0]=11111111011111111101111111111110, sa_flags=SA_RESTART|SA_SIGINFO
SIGTERM: [libjvm.so+0x92d270], sa_mask[0]=11111111011111111101111111111110, sa_flags=SA_RESTART|SA_SIGINFO
SIGQUIT: [libjvm.so+0x92d270], sa_mask[0]=11111111011111111101111111111110, sa_flags=SA_RESTART|SA_SIGINFO


---------------  S Y S T E M  ---------------

OS:DISTRIB_ID=Ubuntu
DISTRIB_RELEASE=18.04
DISTRIB_CODENAME=bionic
DISTRIB_DESCRIPTION="Ubuntu 18.04.1 LTS"

uname:Linux 4.15.0-33-generic #36-Ubuntu SMP Wed Aug 15 16:00:05 UTC 2018 x86_64
libc:glibc 2.27 NPTL 2.27 
rlimit: STACK 8192k, CORE 0k, NPROC 63304, NOFILE 1048576, AS infinity
load average:1,52 1,67 1,47

/proc/meminfo:
MemTotal:       16307696 kB
MemFree:          609244 kB
MemAvailable:    5690128 kB
Buffers:          933400 kB
Cached:          6302120 kB
SwapCached:            0 kB
Active:         10074656 kB
Inactive:        4813732 kB
Active(anon):    7640856 kB
Inactive(anon):  2111132 kB
Active(file):    2433800 kB
Inactive(file):  2702600 kB
Unevictable:         120 kB
Mlocked:             120 kB
SwapTotal:       2097148 kB
SwapFree:        2097148 kB
Dirty:             11048 kB
Writeback:            72 kB
AnonPages:       7652812 kB
Mapped:          1859064 kB
Shmem:           2099940 kB
Slab:             463208 kB
SReclaimable:     286680 kB
SUnreclaim:       176528 kB
KernelStack:       28328 kB
PageTables:       140688 kB
NFS_Unstable:          0 kB
Bounce:                0 kB
WritebackTmp:          0 kB
CommitLimit:    10250996 kB
Committed_AS:   27387468 kB
VmallocTotal:   34359738367 kB
VmallocUsed:           0 kB
VmallocChunk:          0 kB
HardwareCorrupted:     0 kB
AnonHugePages:         0 kB
ShmemHugePages:        0 kB
ShmemPmdMapped:        0 kB
CmaTotal:              0 kB
CmaFree:               0 kB
HugePages_Total:       0
HugePages_Free:        0
HugePages_Rsvd:        0
HugePages_Surp:        0
Hugepagesize:       2048 kB
DirectMap4k:      515008 kB
DirectMap2M:    15095808 kB
DirectMap1G:     1048576 kB


CPU:total 4 (initial active 4) (2 cores per cpu, 2 threads per core) family 6 model 142 stepping 9, cmov, cx8, fxsr, mmx, sse, sse2, sse3, ssse3, sse4.1, sse4.2, popcnt, avx, avx2, aes, clmul, erms, rtm, 3dnowpref, lzcnt, ht, tsc, tscinvbit, bmi1, bmi2, adx

/proc/cpuinfo:
processor	: 0
vendor_id	: GenuineIntel
cpu family	: 6
model		: 142
model name	: Intel(R) Core(TM) i7-7600U CPU @ 2.80GHz
stepping	: 9
microcode	: 0x8e
cpu MHz		: 3599.670
cache size	: 4096 KB
physical id	: 0
siblings	: 4
core id		: 0
cpu cores	: 2
apicid		: 0
initial apicid	: 0
fpu		: yes
fpu_exception	: yes
cpuid level	: 22
wp		: yes
flags		: fpu vme de pse tsc msr pae mce cx8 apic sep mtrr pge mca cmov pat pse36 clflush dts acpi mmx fxsr sse sse2 ss ht tm pbe syscall nx pdpe1gb rdtscp lm constant_tsc art arch_perfmon pebs bts rep_good nopl xtopology nonstop_tsc cpuid aperfmperf tsc_known_freq pni pclmulqdq dtes64 monitor ds_cpl vmx smx est tm2 ssse3 sdbg fma cx16 xtpr pdcm pcid sse4_1 sse4_2 x2apic movbe popcnt tsc_deadline_timer aes xsave avx f16c rdrand lahf_lm abm 3dnowprefetch cpuid_fault epb invpcid_single pti ssbd ibrs ibpb stibp tpr_shadow vnmi flexpriority ept vpid fsgsbase tsc_adjust bmi1 hle avx2 smep bmi2 erms invpcid rtm mpx rdseed adx smap clflushopt intel_pt xsaveopt xsavec xgetbv1 xsaves dtherm ida arat pln pts hwp hwp_notify hwp_act_window hwp_epp flush_l1d
bugs		: cpu_meltdown spectre_v1 spectre_v2 spec_store_bypass l1tf
bogomips	: 5808.00
clflush size	: 64
cache_alignment	: 64
address sizes	: 39 bits physical, 48 bits virtual
power management:

processor	: 1
vendor_id	: GenuineIntel
cpu family	: 6
model		: 142
model name	: Intel(R) Core(TM) i7-7600U CPU @ 2.80GHz
stepping	: 9
microcode	: 0x8e
cpu MHz		: 3606.249
cache size	: 4096 KB
physical id	: 0
siblings	: 4
core id		: 1
cpu cores	: 18
apicid		: 2
initial apicid	: 2
fpu		: yes
fpu_exception	: yes
cpuid level	: 22
wp		: yes
flags		: fpu vme de pse tsc msr pae mce cx8 apic sep mtrr pge mca cmov pat pse36 clflush dts acpi mmx fxsr sse sse2 ss ht tm pbe syscall nx pdpe1gb rdtscp lm constant_tsc art arch_perfmon pebs bts rep_good nopl xtopology nonstop_tsc cpuid aperfmperf tsc_known_freq pni pclmulqdq dtes64 monitor ds_cpl vmx smx est tm2 ssse3 sdbg fma cx16 xtpr pdcm pcid sse4_1 sse4_2 x2apic movbe popcnt tsc_deadline_timer aes xsave avx f16c rdrand lahf_lm abm 3dnowprefetch cpuid_fault epb invpcid_single pti tpr_shadow vnmi flexpriority ept vpid fsgsbase tsc_adjust bmi1 hle avx2 smep bmi2 erms invpcid rtm mpx rdseed adx smap clflushopt intel_pt xsaveopt xsavec xgetbv1 xsaves dtherm ida arat pln pts hwp hwp_notify hwp_act_window hwp_epp
bugs		: cpu_meltdown spectre_v1 spectre_v2 spec_store_bypass l1tf
bogomips	: 5808.00
clflush size	: 64
cache_alignment	: 64
address sizes	: 39 bits physical, 48 bits virtual
power management:

processor	: 2
vendor_id	: GenuineIntel
cpu family	: 6
model		: 142
model name	: Intel(R) Core(TM) i7-7600U CPU @ 2.80GHz
stepping	: 9
microcode	: 0x8e
cpu MHz		: 3618.818
cache size	: 4096 KB
physical id	: 0
siblings	: 4
core id		: 0
cpu cores	: 2
apicid		: 1
initial apicid	: 1
fpu		: yes
fpu_exception	: yes
cpuid level	: 22
wp		: yes
flags		: fpu vme de pse tsc msr pae mce cx8 apic sep mtrr pge mca cmov pat pse36 clflush dts acpi mmx fxsr sse sse2 ss ht tm pbe syscall nx pdpe1gb rdtscp lm constant_tsc art arch_perfmon pebs bts rep_good nopl xtopology nonstop_tsc cpuid aperfmperf tsc_known_freq pni pclmulqdq dtes64 monitor ds_cpl vmx smx est tm2 ssse3 sdbg fma cx16 xtpr pdcm pcid sse4_1 sse4_2 x2apic movbe popcnt tsc_deadline_timer aes xsave avx f16c rdrand lahf_lm abm 3dnowprefetch cpuid_fault epb invpcid_single pti ssbd ibrs ibpb stibp tpr_shadow vnmi flexpriority ept vpid fsgsbase tsc_adjust bmi1 hle avx2 smep bmi2 erms invpcid rtm mpx rdseed adx smap clflushopt intel_pt xsaveopt xsavec xgetbv1 xsaves dtherm ida arat pln pts hwp hwp_notify hwp_act_window hwp_epp flush_l1d
bugs		: cpu_meltdown spectre_v1 spectre_v2 spec_store_bypass l1tf
bogomips	: 5808.00
clflush size	: 64
cache_alignment	: 64
address sizes	: 39 bits physical, 48 bits virtual
power management:

processor	: 3
vendor_id	: GenuineIntel
cpu family	: 6
model		: 142
model name	: Intel(R) Core(TM) i7-7600U CPU @ 2.80GHz
stepping	: 9
microcode	: 0x8e
cpu MHz		: 3621.833
cache size	: 4096 KB
physical id	: 0
siblings	: 4
core id		: 1
cpu cores	: 2
apicid		: 3
initial apicid	: 3
fpu		: yes
fpu_exception	: yes
cpuid level	: 22
wp		: yes
flags		: fpu vme de pse tsc msr pae mce cx8 apic sep mtrr pge mca cmov pat pse36 clflush dts acpi mmx fxsr sse sse2 ss ht tm pbe syscall nx pdpe1gb rdtscp lm constant_tsc art arch_perfmon pebs bts rep_good nopl xtopology nonstop_tsc cpuid aperfmperf tsc_known_freq pni pclmulqdq dtes64 monitor ds_cpl vmx smx est tm2 ssse3 sdbg fma cx16 xtpr pdcm pcid sse4_1 sse4_2 x2apic movbe popcnt tsc_deadline_timer aes xsave avx f16c rdrand lahf_lm abm 3dnowprefetch cpuid_fault epb invpcid_single pti ssbd ibrs ibpb stibp tpr_shadow vnmi flexpriority ept vpid fsgsbase tsc_adjust bmi1 hle avx2 smep bmi2 erms invpcid rtm mpx rdseed adx smap clflushopt intel_pt xsaveopt xsavec xgetbv1 xsaves dtherm ida arat pln pts hwp hwp_notify hwp_act_window hwp_epp flush_l1d
bugs		: cpu_meltdown spectre_v1 spectre_v2 spec_store_bypass l1tf
bogomips	: 5808.00
clflush size	: 64
cache_alignment	: 64
address sizes	: 39 bits physical, 48 bits virtual
power management:



Memory: 4k page, physical 16307696k(604288k free), swap 2097148k(2097148k free)

vm_info: Java HotSpot(TM) 64-Bit Server VM (25.181-b13) for linux-amd64 JRE (1.8.0_181-b13), built on Jul  7 2018 00:56:38 by "java_re" with gcc 4.3.0 20080428 (Red Hat 4.3.0-8)

time: Thu Sep  6 17:12:33 2018
elapsed time: 3548 seconds (0d 0h 59m 8s)

