#
# A fatal error has been detected by the Java Runtime Environment:
#
#  Internal Error (javaCalls.cpp:51), pid=9510, tid=0x00007fa066050700
#  guarantee(thread->is_Java_thread()) failed: crucial check - the VM thread cannot and must not escape to Java code
#
# JRE version: Java(TM) SE Runtime Environment (8.0_181-b13) (build 1.8.0_181-b13)
# Java VM: Java HotSpot(TM) 64-Bit Server VM (25.181-b13 mixed mode linux-amd64 compressed oops)
# Failed to write core dump. Core dumps have been disabled. To enable core dumping, try "ulimit -c unlimited" before starting Java again
#
# If you would like to submit a bug report, please visit:
#   http://bugreport.java.com/bugreport/crash.jsp
#

---------------  T H R E A D  ---------------

Current thread (0x00007fa07c146000):  VMThread [stack: 0x00007fa065f51000,0x00007fa066051000] [id=9524]

Stack: [0x00007fa065f51000,0x00007fa066051000],  sp=0x00007fa06604e000,  free space=1012k
Native frames: (J=compiled Java code, j=interpreted, Vv=VM code, C=native code)
V  [libjvm.so+0xad21aa]  VMError::report_and_die()+0x2ba
V  [libjvm.so+0x501a32]  report_vm_error(char const*, int, char const*, char const*)+0x62
V  [libjvm.so+0x6965d7]  JavaCallWrapper::JavaCallWrapper(methodHandle, Handle, JavaValue*, Thread*)+0x267
V  [libjvm.so+0x6972a4]  JavaCalls::call_helper(JavaValue*, methodHandle*, JavaCallArguments*, Thread*)+0x884
V  [libjvm.so+0x698e31]  JavaCalls::call_special(JavaValue*, KlassHandle, Symbol*, Symbol*, JavaCallArguments*, Thread*)+0x2d1
V  [libjvm.so+0x5855fa]  Exceptions::new_exception(Thread*, Symbol*, Symbol*, JavaCallArguments*, Handle, Handle)+0x17a
V  [libjvm.so+0x5856b2]  Exceptions::new_exception(Thread*, Symbol*, Symbol*, JavaCallArguments*, Handle, Handle, Handle)+0x22
V  [libjvm.so+0x585c61]  Exceptions::new_exception(Thread*, Symbol*, char const*, Handle, Handle, Handle, Exceptions::ExceptionMsgToUtf8Mode)+0x1d1
V  [libjvm.so+0x585cf8]  Exceptions::new_exception(Thread*, Symbol*, char const*, Exceptions::ExceptionMsgToUtf8Mode)+0x18
V  [libjvm.so+0x5f3d6b]  GenerateOopMap::verify_error(char const*, ...)+0x8b
V  [libjvm.so+0x5f8b22]  GenerateOopMap::do_method(int, int, int, int)+0x152
V  [libjvm.so+0x5fb34b]  GenerateOopMap::interp_bb(BasicBlock*)+0x2fb
V  [libjvm.so+0x5fc21a]  GenerateOopMap::do_interpretation()+0x17a
V  [libjvm.so+0x5fc5cd]  GenerateOopMap::compute_map(Thread*)+0x34d
V  [libjvm.so+0x91fcd4]  OopMapForCacheEntry::compute_map(Thread*)+0xb4
V  [libjvm.so+0x921a92]  OopMapCacheEntry::fill(methodHandle, int)+0x2d2
V  [libjvm.so+0x922244]  OopMapCache::compute_one_oop_map(methodHandle, int, InterpreterOopMap*)+0x124
V  [libjvm.so+0x922bee]  OopMapCache::lookup(methodHandle, int, InterpreterOopMap*) const+0x6de
V  [libjvm.so+0x64ab92]  InstanceKlass::mask_for(methodHandle, int, InterpreterOopMap*)+0x82
V  [libjvm.so+0x8bd3fd]  Method::mask_for(int, InterpreterOopMap*)+0x9d
V  [libjvm.so+0x7affb4]  VM_GetOrSetLocal::doit()+0x54
V  [libjvm.so+0xadb745]  VM_Operation::evaluate()+0x55
V  [libjvm.so+0xad9b0a]  VMThread::evaluate_operation(VM_Operation*)+0xba
V  [libjvm.so+0xad9e8e]  VMThread::loop()+0x1ce
V  [libjvm.so+0xada300]  VMThread::run()+0x70
V  [libjvm.so+0x930198]  java_start(Thread*)+0x108

VM_Operation (0x00007fa065a476c0): GetOrSetLocal, mode: safepoint, requested by thread 0x00007fa07c190800


---------------  P R O C E S S  ---------------

Java Threads: ( => current thread )
  0x00007fa07c24c800 JavaThread "Service Thread" daemon [_thread_blocked, id=9536, stack(0x00007fa065342000,0x00007fa065443000)]
  0x00007fa07c247000 JavaThread "C1 CompilerThread2" daemon [_thread_blocked, id=9535, stack(0x00007fa065444000,0x00007fa065544000)]
  0x00007fa07c245000 JavaThread "C2 CompilerThread1" daemon [_thread_blocked, id=9534, stack(0x00007fa065545000,0x00007fa065645000)]
  0x00007fa07c23e000 JavaThread "C2 CompilerThread0" daemon [_thread_blocked, id=9533, stack(0x00007fa065646000,0x00007fa065746000)]
  0x00007fa034001000 JavaThread "JDWP Command Reader" daemon [_thread_in_native, id=9530, stack(0x00007fa065746000,0x00007fa065847000)]
  0x00007fa07c194000 JavaThread "JDWP Event Helper Thread" daemon [_thread_blocked, id=9529, stack(0x00007fa065847000,0x00007fa065948000)]
  0x00007fa07c190800 JavaThread "JDWP Transport Listener: dt_socket" daemon [_thread_blocked, id=9528, stack(0x00007fa065948000,0x00007fa065a49000)]
  0x00007fa07c184000 JavaThread "Signal Dispatcher" daemon [_thread_blocked, id=9527, stack(0x00007fa065c4d000,0x00007fa065d4e000)]
  0x00007fa07c152000 JavaThread "Finalizer" daemon [_thread_blocked, id=9526, stack(0x00007fa065d4e000,0x00007fa065e4f000)]
  0x00007fa07c14f800 JavaThread "Reference Handler" daemon [_thread_blocked, id=9525, stack(0x00007fa065e4f000,0x00007fa065f50000)]
  0x00007fa07c011000 JavaThread "main" [_thread_blocked, id=9513, stack(0x00007fa0846bd000,0x00007fa0847bd000)]

Other Threads:
=>0x00007fa07c146000 VMThread [stack: 0x00007fa065f51000,0x00007fa066051000] [id=9524]
  0x00007fa07c24f800 WatcherThread [stack: 0x00007fa065242000,0x00007fa065342000] [id=9537]

VM state:at safepoint (normal execution)

VM Mutex/Monitor currently owned by a thread:  ([mutex/lock_event])
[0x00007fa07c00d730] Threads_lock - owner thread: 0x00007fa07c146000

Heap:
 PSYoungGen      total 74752K, used 11636K [0x000000076d100000, 0x0000000772400000, 0x00000007c0000000)
  eden space 64512K, 18% used [0x000000076d100000,0x000000076dc5d0d8,0x0000000771000000)
  from space 10240K, 0% used [0x0000000771a00000,0x0000000771a00000,0x0000000772400000)
  to   space 10240K, 0% used [0x0000000771000000,0x0000000771000000,0x0000000771a00000)
 ParOldGen       total 171008K, used 0K [0x00000006c7200000, 0x00000006d1900000, 0x000000076d100000)
  object space 171008K, 0% used [0x00000006c7200000,0x00000006c7200000,0x00000006d1900000)
 Metaspace       used 4709K, capacity 5190K, committed 5504K, reserved 1056768K
  class space    used 541K, capacity 561K, committed 640K, reserved 1048576K

Card table byte_map: [0x00007fa06c838000,0x00007fa06d000000] byte_map_base: 0x00007fa0691ff000

Marking Bits: (ParMarkBitMap*) 0x00007fa083b5f0a0
 Begin Bits: [0x00007fa050390000, 0x00007fa0541c8000)
 End Bits:   [0x00007fa0541c8000, 0x00007fa058000000)

Polling page: 0x00007fa0847dc000

CodeCache: size=245760Kb used=1771Kb max_used=1787Kb free=243988Kb
 bounds [0x00007fa06d000000, 0x00007fa06d270000, 0x00007fa07c000000]
 total_blobs=509 nmethods=252 adapters=179
 compilation: enabled

Compilation events (10 events):
Event: 0,715 Thread 0x00007fa07c23e000  246  s    4       sun.misc.URLClassPath::getNextLoader (88 bytes)
Event: 0,728 Thread 0x00007fa07c247000  251       3       java.lang.String::concat (47 bytes)
Event: 0,729 Thread 0x00007fa07c247000 nmethod 251 0x00007fa06d1b7150 code [0x00007fa06d1b7320, 0x00007fa06d1b7af8]
Event: 0,729 Thread 0x00007fa07c247000  252       3       java.lang.String::getChars (16 bytes)
Event: 0,729 Thread 0x00007fa07c247000 nmethod 252 0x00007fa06d1b7ed0 code [0x00007fa06d1b8040, 0x00007fa06d1b8268]
Event: 0,729 Thread 0x00007fa07c247000  249       3       java.lang.ClassLoader::loadClass (7 bytes)
Event: 0,729 Thread 0x00007fa07c247000 nmethod 249 0x00007fa06d1b8350 code [0x00007fa06d1b84c0, 0x00007fa06d1b86e8]
Event: 0,729 Thread 0x00007fa07c247000  247       1       java.nio.Buffer::position (5 bytes)
Event: 0,729 Thread 0x00007fa07c247000 nmethod 247 0x00007fa06d1b8790 code [0x00007fa06d1b88e0, 0x00007fa06d1b89f0]
Event: 0,796 Thread 0x00007fa07c23e000 nmethod 246 0x00007fa06d1bca90 code [0x00007fa06d1bcd20, 0x00007fa06d1be110]

GC Heap History (0 events):
No events

Deoptimization events (0 events):
No events

Classes redefined (5 events):
Event: 2649,397 Thread 0x00007fa07c146000 redefined class name=ProjectTests, count=1
Event: 2649,397 Thread 0x00007fa07c146000 redefined class name=Project, count=1
Event: 3150,263 Thread 0x00007fa07c146000 redefined class name=ProjectTests, count=2
Event: 3150,264 Thread 0x00007fa07c146000 redefined class name=Project, count=2
Event: 3355,674 Thread 0x00007fa07c146000 redefined class name=ProjectTests, count=3

Internal exceptions (7 events):
Event: 0,043 Thread 0x00007fa07c011000 Exception <a 'java/lang/NoSuchMethodError': Method sun.misc.Unsafe.defineClass(Ljava/lang/String;[BII)Ljava/lang/Class; name or signature does not match> (0x000000076d107cb0) thrown at [/HUDSON/workspace/8-2-build-linux-amd64/jdk8u181/11358/hotspot/src/sh
Event: 0,043 Thread 0x00007fa07c011000 Exception <a 'java/lang/NoSuchMethodError': Method sun.misc.Unsafe.prefetchRead(Ljava/lang/Object;J)V name or signature does not match> (0x000000076d107f98) thrown at [/HUDSON/workspace/8-2-build-linux-amd64/jdk8u181/11358/hotspot/src/share/vm/prims/jni.c
Event: 0,354 Thread 0x00007fa07c011000 Exception <a 'java/io/FileNotFoundException'> (0x000000076d4cc9c8) thrown at [/HUDSON/workspace/8-2-build-linux-amd64/jdk8u181/11358/hotspot/src/share/vm/prims/jni.cpp, line 709]
Event: 0,393 Thread 0x00007fa07c011000 Exception <a 'java/security/PrivilegedActionException'> (0x000000076d66e588) thrown at [/HUDSON/workspace/8-2-build-linux-amd64/jdk8u181/11358/hotspot/src/share/vm/prims/jvm.cpp, line 1435]
Event: 0,394 Thread 0x00007fa07c011000 Exception <a 'java/security/PrivilegedActionException'> (0x000000076d66e798) thrown at [/HUDSON/workspace/8-2-build-linux-amd64/jdk8u181/11358/hotspot/src/share/vm/prims/jvm.cpp, line 1435]
Event: 0,394 Thread 0x00007fa07c011000 Exception <a 'java/security/PrivilegedActionException'> (0x000000076d670c00) thrown at [/HUDSON/workspace/8-2-build-linux-amd64/jdk8u181/11358/hotspot/src/share/vm/prims/jvm.cpp, line 1435]
Event: 0,394 Thread 0x00007fa07c011000 Exception <a 'java/security/PrivilegedActionException'> (0x000000076d670e10) thrown at [/HUDSON/workspace/8-2-build-linux-amd64/jdk8u181/11358/hotspot/src/share/vm/prims/jvm.cpp, line 1435]

Events (10 events):
Event: 3355,672 Executing VM operation: ChangeBreakpoints done
Event: 3355,672 Executing VM operation: ChangeBreakpoints
Event: 3355,672 Executing VM operation: ChangeBreakpoints done
Event: 3355,672 Executing VM operation: ChangeBreakpoints
Event: 3355,672 Executing VM operation: ChangeBreakpoints done
Event: 3355,672 Executing VM operation: ChangeBreakpoints
Event: 3355,672 Executing VM operation: ChangeBreakpoints done
Event: 3355,673 Executing VM operation: RedefineClasses
Event: 3355,674 Executing VM operation: RedefineClasses done
Event: 3355,674 Executing VM operation: GetOrSetLocal


Dynamic libraries:
00400000-00401000 r-xp 00000000 08:02 7209912                            /usr/lib/jvm/java-8-oracle/bin/java
00600000-00601000 rw-p 00000000 08:02 7209912                            /usr/lib/jvm/java-8-oracle/bin/java
023a7000-023c8000 rw-p 00000000 00:00 0                                  [heap]
6c7200000-6d1900000 rw-p 00000000 00:00 0 
6d1900000-76d100000 ---p 00000000 00:00 0 
76d100000-772400000 rw-p 00000000 00:00 0 
772400000-7c0000000 ---p 00000000 00:00 0 
7c0000000-7c00a0000 rw-p 00000000 00:00 0 
7c00a0000-800000000 ---p 00000000 00:00 0 
7fa01c000000-7fa01c021000 rw-p 00000000 00:00 0 
7fa01c021000-7fa020000000 ---p 00000000 00:00 0 
7fa020000000-7fa020021000 rw-p 00000000 00:00 0 
7fa020021000-7fa024000000 ---p 00000000 00:00 0 
7fa024000000-7fa02408a000 rw-p 00000000 00:00 0 
7fa02408a000-7fa028000000 ---p 00000000 00:00 0 
7fa028000000-7fa0281c2000 rw-p 00000000 00:00 0 
7fa0281c2000-7fa02c000000 ---p 00000000 00:00 0 
7fa02c000000-7fa02c021000 rw-p 00000000 00:00 0 
7fa02c021000-7fa030000000 ---p 00000000 00:00 0 
7fa030000000-7fa030214000 rw-p 00000000 00:00 0 
7fa030214000-7fa034000000 ---p 00000000 00:00 0 
7fa034000000-7fa034021000 rw-p 00000000 00:00 0 
7fa034021000-7fa038000000 ---p 00000000 00:00 0 
7fa038000000-7fa038021000 rw-p 00000000 00:00 0 
7fa038021000-7fa03c000000 ---p 00000000 00:00 0 
7fa03c000000-7fa03c021000 rw-p 00000000 00:00 0 
7fa03c021000-7fa040000000 ---p 00000000 00:00 0 
7fa040000000-7fa040021000 rw-p 00000000 00:00 0 
7fa040021000-7fa044000000 ---p 00000000 00:00 0 
7fa044000000-7fa04429a000 rw-p 00000000 00:00 0 
7fa04429a000-7fa048000000 ---p 00000000 00:00 0 
7fa048000000-7fa048021000 rw-p 00000000 00:00 0 
7fa048021000-7fa04c000000 ---p 00000000 00:00 0 
7fa04c000000-7fa04c021000 rw-p 00000000 00:00 0 
7fa04c021000-7fa050000000 ---p 00000000 00:00 0 
7fa050390000-7fa058000000 rw-p 00000000 00:00 0 
7fa058000000-7fa058021000 rw-p 00000000 00:00 0 
7fa058021000-7fa05c000000 ---p 00000000 00:00 0 
7fa060000000-7fa060021000 rw-p 00000000 00:00 0 
7fa060021000-7fa064000000 ---p 00000000 00:00 0 
7fa065241000-7fa065242000 ---p 00000000 00:00 0 
7fa065242000-7fa065342000 rw-p 00000000 00:00 0 
7fa065342000-7fa065345000 ---p 00000000 00:00 0 
7fa065345000-7fa065443000 rw-p 00000000 00:00 0 
7fa065443000-7fa065444000 ---p 00000000 00:00 0 
7fa065444000-7fa065447000 ---p 00000000 00:00 0 
7fa065447000-7fa065544000 rw-p 00000000 00:00 0 
7fa065544000-7fa065545000 ---p 00000000 00:00 0 
7fa065545000-7fa065548000 ---p 00000000 00:00 0 
7fa065548000-7fa065645000 rw-p 00000000 00:00 0 
7fa065645000-7fa065646000 ---p 00000000 00:00 0 
7fa065646000-7fa065649000 ---p 00000000 00:00 0 
7fa065649000-7fa065746000 rw-p 00000000 00:00 0 
7fa065746000-7fa065749000 ---p 00000000 00:00 0 
7fa065749000-7fa065847000 rw-p 00000000 00:00 0 
7fa065847000-7fa06584a000 ---p 00000000 00:00 0 
7fa06584a000-7fa065948000 rw-p 00000000 00:00 0 
7fa065948000-7fa06594b000 ---p 00000000 00:00 0 
7fa06594b000-7fa065a49000 rw-p 00000000 00:00 0 
7fa065a49000-7fa065a4d000 r-xp 00000000 08:02 7342289                    /usr/lib/jvm/java-8-oracle/jre/lib/amd64/libdt_socket.so
7fa065a4d000-7fa065c4c000 ---p 00004000 08:02 7342289                    /usr/lib/jvm/java-8-oracle/jre/lib/amd64/libdt_socket.so
7fa065c4c000-7fa065c4d000 rw-p 00003000 08:02 7342289                    /usr/lib/jvm/java-8-oracle/jre/lib/amd64/libdt_socket.so
7fa065c4d000-7fa065c50000 ---p 00000000 00:00 0 
7fa065c50000-7fa065d4e000 rw-p 00000000 00:00 0 
7fa065d4e000-7fa065d51000 ---p 00000000 00:00 0 
7fa065d51000-7fa065e4f000 rw-p 00000000 00:00 0 
7fa065e4f000-7fa065e52000 ---p 00000000 00:00 0 
7fa065e52000-7fa065f50000 rw-p 00000000 00:00 0 
7fa065f50000-7fa065f51000 ---p 00000000 00:00 0 
7fa065f51000-7fa066e5f000 rw-p 00000000 00:00 0 
7fa066e5f000-7fa067039000 r--s 03d6b000 08:02 7217174                    /usr/lib/jvm/java-8-oracle/jre/lib/rt.jar
7fa067039000-7fa0674f9000 rw-p 00000000 00:00 0 
7fa0674f9000-7fa067839000 ---p 00000000 00:00 0 
7fa067839000-7fa068000000 rw-p 00000000 00:00 0 
7fa068000000-7fa068021000 rw-p 00000000 00:00 0 
7fa068021000-7fa06c000000 ---p 00000000 00:00 0 
7fa06c07d000-7fa06c090000 r--s 00345000 08:02 7217212                    /usr/lib/jvm/java-8-oracle/jre/lib/resources.jar
7fa06c090000-7fa06c207000 rw-p 00000000 00:00 0 
7fa06c207000-7fa06c208000 ---p 00000000 00:00 0 
7fa06c208000-7fa06c35c000 rw-p 00000000 00:00 0 
7fa06c35c000-7fa06c838000 ---p 00000000 00:00 0 
7fa06c838000-7fa06c88c000 rw-p 00000000 00:00 0 
7fa06c88c000-7fa06cd67000 ---p 00000000 00:00 0 
7fa06cd67000-7fa06cd91000 rw-p 00000000 00:00 0 
7fa06cd91000-7fa06cfff000 ---p 00000000 00:00 0 
7fa06cfff000-7fa06d000000 rw-p 00000000 00:00 0 
7fa06d000000-7fa06d270000 rwxp 00000000 00:00 0 
7fa06d270000-7fa07c000000 ---p 00000000 00:00 0 
7fa07c000000-7fa07c576000 rw-p 00000000 00:00 0 
7fa07c576000-7fa080000000 ---p 00000000 00:00 0 
7fa080001000-7fa080008000 r--s 00064000 08:02 12976427                   /home/robot/bin/ideaIU-2018.1.6/idea-IU-181.5540.7/lib/rt/debugger-agent.jar
7fa080008000-7fa080010000 r--s 00045000 08:02 2229601                    /home/robot/.gradle/caches/modules-2/files-2.1/junit/junit/4.12/2973d150c0dc1fefe998f834810d68f278ea58ec/junit-4.12.jar
7fa080010000-7fa080023000 r--s 000d6000 08:02 7217116                    /usr/lib/jvm/java-8-oracle/jre/lib/plugin.jar
7fa080023000-7fa080072000 rw-p 00000000 00:00 0 
7fa080072000-7fa080073000 ---p 00000000 00:00 0 
7fa080073000-7fa080173000 rw-p 00000000 00:00 0 
7fa080173000-7fa080174000 ---p 00000000 00:00 0 
7fa080174000-7fa080274000 rw-p 00000000 00:00 0 
7fa080274000-7fa080275000 ---p 00000000 00:00 0 
7fa080275000-7fa08037f000 rw-p 00000000 00:00 0 
7fa08037f000-7fa080735000 ---p 00000000 00:00 0 
7fa080735000-7fa080750000 r-xp 00000000 08:02 7342322                    /usr/lib/jvm/java-8-oracle/jre/lib/amd64/libzip.so
7fa080750000-7fa080950000 ---p 0001b000 08:02 7342322                    /usr/lib/jvm/java-8-oracle/jre/lib/amd64/libzip.so
7fa080950000-7fa080951000 rw-p 0001b000 08:02 7342322                    /usr/lib/jvm/java-8-oracle/jre/lib/amd64/libzip.so
7fa080951000-7fa08095c000 r-xp 00000000 08:02 4592335                    /lib/x86_64-linux-gnu/libnss_files-2.27.so
7fa08095c000-7fa080b5b000 ---p 0000b000 08:02 4592335                    /lib/x86_64-linux-gnu/libnss_files-2.27.so
7fa080b5b000-7fa080b5c000 r--p 0000a000 08:02 4592335                    /lib/x86_64-linux-gnu/libnss_files-2.27.so
7fa080b5c000-7fa080b5d000 rw-p 0000b000 08:02 4592335                    /lib/x86_64-linux-gnu/libnss_files-2.27.so
7fa080b5d000-7fa080b63000 rw-p 00000000 00:00 0 
7fa080b63000-7fa080b7a000 r-xp 00000000 08:02 4592329                    /lib/x86_64-linux-gnu/libnsl-2.27.so
7fa080b7a000-7fa080d79000 ---p 00017000 08:02 4592329                    /lib/x86_64-linux-gnu/libnsl-2.27.so
7fa080d79000-7fa080d7a000 r--p 00016000 08:02 4592329                    /lib/x86_64-linux-gnu/libnsl-2.27.so
7fa080d7a000-7fa080d7b000 rw-p 00017000 08:02 4592329                    /lib/x86_64-linux-gnu/libnsl-2.27.so
7fa080d7b000-7fa080d7d000 rw-p 00000000 00:00 0 
7fa080d7d000-7fa080d88000 r-xp 00000000 08:02 4592346                    /lib/x86_64-linux-gnu/libnss_nis-2.27.so
7fa080d88000-7fa080f87000 ---p 0000b000 08:02 4592346                    /lib/x86_64-linux-gnu/libnss_nis-2.27.so
7fa080f87000-7fa080f88000 r--p 0000a000 08:02 4592346                    /lib/x86_64-linux-gnu/libnss_nis-2.27.so
7fa080f88000-7fa080f89000 rw-p 0000b000 08:02 4592346                    /lib/x86_64-linux-gnu/libnss_nis-2.27.so
7fa080f89000-7fa080f91000 r-xp 00000000 08:02 4592331                    /lib/x86_64-linux-gnu/libnss_compat-2.27.so
7fa080f91000-7fa081191000 ---p 00008000 08:02 4592331                    /lib/x86_64-linux-gnu/libnss_compat-2.27.so
7fa081191000-7fa081192000 r--p 00008000 08:02 4592331                    /lib/x86_64-linux-gnu/libnss_compat-2.27.so
7fa081192000-7fa081193000 rw-p 00009000 08:02 4592331                    /lib/x86_64-linux-gnu/libnss_compat-2.27.so
7fa081193000-7fa08119d000 r-xp 00000000 08:02 7342331                    /usr/lib/jvm/java-8-oracle/jre/lib/amd64/libinstrument.so
7fa08119d000-7fa08139c000 ---p 0000a000 08:02 7342331                    /usr/lib/jvm/java-8-oracle/jre/lib/amd64/libinstrument.so
7fa08139c000-7fa08139d000 rw-p 00009000 08:02 7342331                    /usr/lib/jvm/java-8-oracle/jre/lib/amd64/libinstrument.so
7fa08139d000-7fa081d6c000 r--p 00000000 08:02 6691448                    /usr/lib/locale/locale-archive
7fa081d6c000-7fa081d6e000 r-xp 00000000 08:02 7342291                    /usr/lib/jvm/java-8-oracle/jre/lib/amd64/libnpt.so
7fa081d6e000-7fa081f6e000 ---p 00002000 08:02 7342291                    /usr/lib/jvm/java-8-oracle/jre/lib/amd64/libnpt.so
7fa081f6e000-7fa081f6f000 rw-p 00002000 08:02 7342291                    /usr/lib/jvm/java-8-oracle/jre/lib/amd64/libnpt.so
7fa081f6f000-7fa081fa9000 r-xp 00000000 08:02 7342309                    /usr/lib/jvm/java-8-oracle/jre/lib/amd64/libjdwp.so
7fa081fa9000-7fa0821a8000 ---p 0003a000 08:02 7342309                    /usr/lib/jvm/java-8-oracle/jre/lib/amd64/libjdwp.so
7fa0821a8000-7fa0821a9000 rw-p 00039000 08:02 7342309                    /usr/lib/jvm/java-8-oracle/jre/lib/amd64/libjdwp.so
7fa0821a9000-7fa0821aa000 rw-p 00000000 00:00 0 
7fa0821aa000-7fa0821d5000 r-xp 00000000 08:02 7342316                    /usr/lib/jvm/java-8-oracle/jre/lib/amd64/libjava.so
7fa0821d5000-7fa0823d4000 ---p 0002b000 08:02 7342316                    /usr/lib/jvm/java-8-oracle/jre/lib/amd64/libjava.so
7fa0823d4000-7fa0823d6000 rw-p 0002a000 08:02 7342316                    /usr/lib/jvm/java-8-oracle/jre/lib/amd64/libjava.so
7fa0823d6000-7fa0823e3000 r-xp 00000000 08:02 7342321                    /usr/lib/jvm/java-8-oracle/jre/lib/amd64/libverify.so
7fa0823e3000-7fa0825e3000 ---p 0000d000 08:02 7342321                    /usr/lib/jvm/java-8-oracle/jre/lib/amd64/libverify.so
7fa0825e3000-7fa0825e5000 rw-p 0000d000 08:02 7342321                    /usr/lib/jvm/java-8-oracle/jre/lib/amd64/libverify.so
7fa0825e5000-7fa0825ec000 r-xp 00000000 08:02 4592386                    /lib/x86_64-linux-gnu/librt-2.27.so
7fa0825ec000-7fa0827eb000 ---p 00007000 08:02 4592386                    /lib/x86_64-linux-gnu/librt-2.27.so
7fa0827eb000-7fa0827ec000 r--p 00006000 08:02 4592386                    /lib/x86_64-linux-gnu/librt-2.27.so
7fa0827ec000-7fa0827ed000 rw-p 00007000 08:02 4592386                    /lib/x86_64-linux-gnu/librt-2.27.so
7fa0827ed000-7fa08298a000 r-xp 00000000 08:02 4592308                    /lib/x86_64-linux-gnu/libm-2.27.so
7fa08298a000-7fa082b89000 ---p 0019d000 08:02 4592308                    /lib/x86_64-linux-gnu/libm-2.27.so
7fa082b89000-7fa082b8a000 r--p 0019c000 08:02 4592308                    /lib/x86_64-linux-gnu/libm-2.27.so
7fa082b8a000-7fa082b8b000 rw-p 0019d000 08:02 4592308                    /lib/x86_64-linux-gnu/libm-2.27.so
7fa082b8b000-7fa083867000 r-xp 00000000 08:02 7342298                    /usr/lib/jvm/java-8-oracle/jre/lib/amd64/server/libjvm.so
7fa083867000-7fa083a67000 ---p 00cdc000 08:02 7342298                    /usr/lib/jvm/java-8-oracle/jre/lib/amd64/server/libjvm.so
7fa083a67000-7fa083b41000 rw-p 00cdc000 08:02 7342298                    /usr/lib/jvm/java-8-oracle/jre/lib/amd64/server/libjvm.so
7fa083b41000-7fa083b8c000 rw-p 00000000 00:00 0 
7fa083b8c000-7fa083d73000 r-xp 00000000 08:02 4592245                    /lib/x86_64-linux-gnu/libc-2.27.so
7fa083d73000-7fa083f73000 ---p 001e7000 08:02 4592245                    /lib/x86_64-linux-gnu/libc-2.27.so
7fa083f73000-7fa083f77000 r--p 001e7000 08:02 4592245                    /lib/x86_64-linux-gnu/libc-2.27.so
7fa083f77000-7fa083f79000 rw-p 001eb000 08:02 4592245                    /lib/x86_64-linux-gnu/libc-2.27.so
7fa083f79000-7fa083f7d000 rw-p 00000000 00:00 0 
7fa083f7d000-7fa083f80000 r-xp 00000000 08:02 4592268                    /lib/x86_64-linux-gnu/libdl-2.27.so
7fa083f80000-7fa08417f000 ---p 00003000 08:02 4592268                    /lib/x86_64-linux-gnu/libdl-2.27.so
7fa08417f000-7fa084180000 r--p 00002000 08:02 4592268                    /lib/x86_64-linux-gnu/libdl-2.27.so
7fa084180000-7fa084181000 rw-p 00003000 08:02 4592268                    /lib/x86_64-linux-gnu/libdl-2.27.so
7fa084181000-7fa084197000 r-xp 00000000 08:02 7217036                    /usr/lib/jvm/java-8-oracle/lib/amd64/jli/libjli.so
7fa084197000-7fa084396000 ---p 00016000 08:02 7217036                    /usr/lib/jvm/java-8-oracle/lib/amd64/jli/libjli.so
7fa084396000-7fa084397000 rw-p 00015000 08:02 7217036                    /usr/lib/jvm/java-8-oracle/lib/amd64/jli/libjli.so
7fa084397000-7fa0843b1000 r-xp 00000000 08:02 4592378                    /lib/x86_64-linux-gnu/libpthread-2.27.so
7fa0843b1000-7fa0845b0000 ---p 0001a000 08:02 4592378                    /lib/x86_64-linux-gnu/libpthread-2.27.so
7fa0845b0000-7fa0845b1000 r--p 00019000 08:02 4592378                    /lib/x86_64-linux-gnu/libpthread-2.27.so
7fa0845b1000-7fa0845b2000 rw-p 0001a000 08:02 4592378                    /lib/x86_64-linux-gnu/libpthread-2.27.so
7fa0845b2000-7fa0845b6000 rw-p 00000000 00:00 0 
7fa0845b6000-7fa0845dd000 r-xp 00000000 08:02 4592217                    /lib/x86_64-linux-gnu/ld-2.27.so
7fa0845df000-7fa0845e1000 r--s 0000a000 08:02 12976602                   /home/robot/bin/ideaIU-2018.1.6/idea-IU-181.5540.7/plugins/Groovy/lib/agent/gragent.jar
7fa0845e1000-7fa0845e3000 r--s 00009000 08:02 2229602                    /home/robot/.gradle/caches/modules-2/files-2.1/org.hamcrest/hamcrest-core/1.3/42a25dc3219429f0e5d060061f71acb49bf010a0/hamcrest-core-1.3.jar
7fa0845e3000-7fa0845e4000 r--s 00000000 08:02 7217098                    /usr/lib/jvm/java-8-oracle/jre/lib/management-agent.jar
7fa0845e4000-7fa0845e9000 r--s 0009d000 08:02 7217224                    /usr/lib/jvm/java-8-oracle/jre/lib/jsse.jar
7fa0845e9000-7fa0845ee000 r--s 00084000 08:02 7217091                    /usr/lib/jvm/java-8-oracle/jre/lib/jfr.jar
7fa0845ee000-7fa0845f7000 r--s 0006d000 08:02 7217101                    /usr/lib/jvm/java-8-oracle/jre/lib/javaws.jar
7fa0845f7000-7fa084613000 r--s 0020b000 08:02 7217092                    /usr/lib/jvm/java-8-oracle/jre/lib/deploy.jar
7fa084613000-7fa0846bc000 rw-p 00000000 00:00 0 
7fa0846bc000-7fa0846bd000 ---p 00000000 00:00 0 
7fa0846bd000-7fa0846c0000 ---p 00000000 00:00 0 
7fa0846c0000-7fa0847c1000 rw-p 00000000 00:00 0 
7fa0847c1000-7fa0847c3000 r--s 00007000 08:02 7217232                    /usr/lib/jvm/java-8-oracle/jre/lib/jfxswt.jar
7fa0847c3000-7fa0847c6000 r--s 0001a000 08:02 7217230                    /usr/lib/jvm/java-8-oracle/jre/lib/jce.jar
7fa0847c6000-7fa0847cb000 r--s 002f9000 08:02 7217172                    /usr/lib/jvm/java-8-oracle/jre/lib/charsets.jar
7fa0847cb000-7fa0847cd000 r--s 00008000 08:02 13239689                   /home/robot/bin/ideaIU-2018.1.6/idea-IU-181.5540.7/plugins/junit/lib/junit5-rt.jar
7fa0847cd000-7fa0847d0000 r--s 0001f000 08:02 13239688                   /home/robot/bin/ideaIU-2018.1.6/idea-IU-181.5540.7/plugins/junit/lib/junit-rt.jar
7fa0847d0000-7fa0847d2000 r--s 0001a000 08:02 12976341                   /home/robot/bin/ideaIU-2018.1.6/idea-IU-181.5540.7/lib/idea_rt.jar
7fa0847d2000-7fa0847d3000 r--s 00002000 08:02 12976426                   /home/robot/bin/ideaIU-2018.1.6/idea-IU-181.5540.7/lib/rt/debugger-agent-storage.jar
7fa0847d3000-7fa0847db000 rw-s 00000000 08:02 2228317                    /tmp/hsperfdata_robot/9510
7fa0847db000-7fa0847dc000 rw-p 00000000 00:00 0 
7fa0847dc000-7fa0847dd000 ---p 00000000 00:00 0 
7fa0847dd000-7fa0847de000 r--p 00027000 08:02 4592217                    /lib/x86_64-linux-gnu/ld-2.27.so
7fa0847de000-7fa0847df000 rw-p 00028000 08:02 4592217                    /lib/x86_64-linux-gnu/ld-2.27.so
7fa0847df000-7fa0847e0000 rw-p 00000000 00:00 0 
7ffe94763000-7ffe94785000 rw-p 00000000 00:00 0                          [stack]
7ffe947d8000-7ffe947db000 r--p 00000000 00:00 0                          [vvar]
7ffe947db000-7ffe947dd000 r-xp 00000000 00:00 0                          [vdso]
ffffffffff600000-ffffffffff601000 r-xp 00000000 00:00 0                  [vsyscall]

VM Arguments:
jvm_args: -agentlib:jdwp=transport=dt_socket,address=127.0.0.1:45115,suspend=y,server=n -ea -Didea.test.cyclic.buffer.size=1048576 -javaagent:/home/robot/bin/ideaIU-2018.1.6/idea-IU-181.5540.7/plugins/Groovy/lib/agent/gragent.jar -javaagent:/home/robot/bin/ideaIU-2018.1.6/idea-IU-181.5540.7/lib/rt/debugger-agent.jar=file:/tmp/capture.props -Dfile.encoding=UTF-8 
java_command: com.intellij.rt.execution.junit.JUnitStarter -ideVersion5 -junit4 ProjectTests,testCanFinishProject
java_class_path (initial): /home/robot/bin/ideaIU-2018.1.6/idea-IU-181.5540.7/lib/idea_rt.jar:/home/robot/bin/ideaIU-2018.1.6/idea-IU-181.5540.7/plugins/junit/lib/junit-rt.jar:/home/robot/bin/ideaIU-2018.1.6/idea-IU-181.5540.7/plugins/junit/lib/junit5-rt.jar:/usr/lib/jvm/java-8-oracle/jre/lib/charsets.jar:/usr/lib/jvm/java-8-oracle/jre/lib/deploy.jar:/usr/lib/jvm/java-8-oracle/jre/lib/ext/cldrdata.jar:/usr/lib/jvm/java-8-oracle/jre/lib/ext/dnsns.jar:/usr/lib/jvm/java-8-oracle/jre/lib/ext/jaccess.jar:/usr/lib/jvm/java-8-oracle/jre/lib/ext/jfxrt.jar:/usr/lib/jvm/java-8-oracle/jre/lib/ext/localedata.jar:/usr/lib/jvm/java-8-oracle/jre/lib/ext/nashorn.jar:/usr/lib/jvm/java-8-oracle/jre/lib/ext/sunec.jar:/usr/lib/jvm/java-8-oracle/jre/lib/ext/sunjce_provider.jar:/usr/lib/jvm/java-8-oracle/jre/lib/ext/sunpkcs11.jar:/usr/lib/jvm/java-8-oracle/jre/lib/ext/zipfs.jar:/usr/lib/jvm/java-8-oracle/jre/lib/javaws.jar:/usr/lib/jvm/java-8-oracle/jre/lib/jce.jar:/usr/lib/jvm/java-8-oracle/jre/lib/jfr.jar:/usr/lib/jvm/java-8-oracle/jre/lib/jfxswt.jar:/usr/lib/jvm/java-8-oracle/jre/lib/jsse.jar:/usr/lib/jvm/java-8-oracle/jre/lib/management-agent.jar:/usr/lib/jvm/java-8-oracle/jre/lib/plugin.jar:/usr/lib/jvm/java-8-oracle/jre/lib/resources.jar:/usr/lib/jvm/java-8-oracle/jre/lib/rt.jar:/home/robot/proyectos/EjerciciosMaxi/equipo/out/test/classes:/home/robot/proyectos/EjerciciosMaxi/equipo/out/production/classes:/home/robot/.gradle/caches/modules-2/files-2.1/junit/junit/4.12/2973d150c0dc1fefe998f834810d68f278ea58ec/junit-4.12.jar:/home/robot/.gradle/caches/modules-2/files-2.1/org.hamcrest/hamcrest-core/1.3/42a25dc3219429f0e5d060061f71acb49bf010a0/hamcrest-core-1.3.jar:/home/robot/bin/ideaIU-2018.1.6/idea-IU-181.5540.7/plugins/Groovy/lib/agent/gragent.jar:/home/robot/bin/ideaIU-2018.1.6/idea-IU-181.5540.7/lib/rt/debugger-agent.jar
Launcher Type: SUN_STANDARD

Environment Variables:
JAVA_HOME=/usr/lib/jvm/java-8-oracle
PATH=/home/robot/bin:/opt/maven/bin:/usr/local/sbin:/usr/local/bin:/usr/sbin:/usr/bin:/sbin:/bin:/usr/games:/usr/local/games:/snap/bin:/usr/lib/jvm/java-8-oracle/bin:/usr/lib/jvm/java-8-oracle/db/bin:/usr/lib/jvm/java-8-oracle/jre/bin
USERNAME=robot
SHELL=/usr/bin/zsh
DISPLAY=:0

Signal Handlers:
SIGSEGV: [libjvm.so+0xad2a40], sa_mask[0]=11111111011111111101111111111110, sa_flags=SA_RESTART|SA_SIGINFO
SIGBUS: [libjvm.so+0xad2a40], sa_mask[0]=11111111011111111101111111111110, sa_flags=SA_RESTART|SA_SIGINFO
SIGFPE: [libjvm.so+0x92a610], sa_mask[0]=11111111011111111101111111111110, sa_flags=SA_RESTART|SA_SIGINFO
SIGPIPE: [libjvm.so+0x92a610], sa_mask[0]=11111111011111111101111111111110, sa_flags=SA_RESTART|SA_SIGINFO
SIGXFSZ: [libjvm.so+0x92a610], sa_mask[0]=11111111011111111101111111111110, sa_flags=SA_RESTART|SA_SIGINFO
SIGILL: [libjvm.so+0x92a610], sa_mask[0]=11111111011111111101111111111110, sa_flags=SA_RESTART|SA_SIGINFO
SIGUSR1: SIG_DFL, sa_mask[0]=00000000000000000000000000000000, sa_flags=none
SIGUSR2: [libjvm.so+0x92be70], sa_mask[0]=00100000000000000000000000000000, sa_flags=SA_RESTART|SA_SIGINFO
SIGHUP: [libjvm.so+0x92d270], sa_mask[0]=11111111011111111101111111111110, sa_flags=SA_RESTART|SA_SIGINFO
SIGINT: [libjvm.so+0x92d270], sa_mask[0]=11111111011111111101111111111110, sa_flags=SA_RESTART|SA_SIGINFO
SIGTERM: [libjvm.so+0x92d270], sa_mask[0]=11111111011111111101111111111110, sa_flags=SA_RESTART|SA_SIGINFO
SIGQUIT: [libjvm.so+0x92d270], sa_mask[0]=11111111011111111101111111111110, sa_flags=SA_RESTART|SA_SIGINFO


---------------  S Y S T E M  ---------------

OS:DISTRIB_ID=Ubuntu
DISTRIB_RELEASE=18.04
DISTRIB_CODENAME=bionic
DISTRIB_DESCRIPTION="Ubuntu 18.04.1 LTS"

uname:Linux 4.15.0-33-generic #36-Ubuntu SMP Wed Aug 15 16:00:05 UTC 2018 x86_64
libc:glibc 2.27 NPTL 2.27 
rlimit: STACK 8192k, CORE 0k, NPROC 63304, NOFILE 1048576, AS infinity
load average:4,57 2,33 1,68

/proc/meminfo:
MemTotal:       16307696 kB
MemFree:          482704 kB
MemAvailable:    5574948 kB
Buffers:          933500 kB
Cached:          6299632 kB
SwapCached:            0 kB
Active:         10201700 kB
Inactive:        4811140 kB
Active(anon):    7767696 kB
Inactive(anon):  2097588 kB
Active(file):    2434004 kB
Inactive(file):  2713552 kB
Unevictable:         120 kB
Mlocked:             120 kB
SwapTotal:       2097148 kB
SwapFree:        2097148 kB
Dirty:             22760 kB
Writeback:             0 kB
AnonPages:       7779648 kB
Mapped:          1864340 kB
Shmem:           2086396 kB
Slab:             463412 kB
SReclaimable:     286884 kB
SUnreclaim:       176528 kB
KernelStack:       28320 kB
PageTables:       140996 kB
NFS_Unstable:          0 kB
Bounce:                0 kB
WritebackTmp:          0 kB
CommitLimit:    10250996 kB
Committed_AS:   27370648 kB
VmallocTotal:   34359738367 kB
VmallocUsed:           0 kB
VmallocChunk:          0 kB
HardwareCorrupted:     0 kB
AnonHugePages:         0 kB
ShmemHugePages:        0 kB
ShmemPmdMapped:        0 kB
CmaTotal:              0 kB
CmaFree:               0 kB
HugePages_Total:       0
HugePages_Free:        0
HugePages_Rsvd:        0
HugePages_Surp:        0
Hugepagesize:       2048 kB
DirectMap4k:      515008 kB
DirectMap2M:    15095808 kB
DirectMap1G:     1048576 kB


CPU:total 4 (initial active 4) (2 cores per cpu, 2 threads per core) family 6 model 142 stepping 9, cmov, cx8, fxsr, mmx, sse, sse2, sse3, ssse3, sse4.1, sse4.2, popcnt, avx, avx2, aes, clmul, erms, rtm, 3dnowpref, lzcnt, ht, tsc, tscinvbit, bmi1, bmi2, adx

/proc/cpuinfo:
processor	: 0
vendor_id	: GenuineIntel
cpu family	: 6
model		: 142
model name	: Intel(R) Core(TM) i7-7600U CPU @ 2.80GHz
stepping	: 9
microcode	: 0x8e
cpu MHz		: 3700.377
cache size	: 4096 KB
physical id	: 0
siblings	: 4
core id		: 0
cpu cores	: 2
apicid		: 0
initial apicid	: 0
fpu		: yes
fpu_exception	: yes
cpuid level	: 22
wp		: yes
flags		: fpu vme de pse tsc msr pae mce cx8 apic sep mtrr pge mca cmov pat pse36 clflush dts acpi mmx fxsr sse sse2 ss ht tm pbe syscall nx pdpe1gb rdtscp lm constant_tsc art arch_perfmon pebs bts rep_good nopl xtopology nonstop_tsc cpuid aperfmperf tsc_known_freq pni pclmulqdq dtes64 monitor ds_cpl vmx smx est tm2 ssse3 sdbg fma cx16 xtpr pdcm pcid sse4_1 sse4_2 x2apic movbe popcnt tsc_deadline_timer aes xsave avx f16c rdrand lahf_lm abm 3dnowprefetch cpuid_fault epb invpcid_single pti ssbd ibrs ibpb stibp tpr_shadow vnmi flexpriority ept vpid fsgsbase tsc_adjust bmi1 hle avx2 smep bmi2 erms invpcid rtm mpx rdseed adx smap clflushopt intel_pt xsaveopt xsavec xgetbv1 xsaves dtherm ida arat pln pts hwp hwp_notify hwp_act_window hwp_epp flush_l1d
bugs		: cpu_meltdown spectre_v1 spectre_v2 spec_store_bypass l1tf
bogomips	: 5808.00
clflush size	: 64
cache_alignment	: 64
address sizes	: 39 bits physical, 48 bits virtual
power management:

processor	: 1
vendor_id	: GenuineIntel
cpu family	: 6
model		: 142
model name	: Intel(R) Core(TM) i7-7600U CPU @ 2.80GHz
stepping	: 9
microcode	: 0x8e
cpu MHz		: 3704.002
cache size	: 4096 KB
physical id	: 0
siblings	: 4
core id		: 1
cpu cores	: 18
apicid		: 2
initial apicid	: 2
fpu		: yes
fpu_exception	: yes
cpuid level	: 22
wp		: yes
flags		: fpu vme de pse tsc msr pae mce cx8 apic sep mtrr pge mca cmov pat pse36 clflush dts acpi mmx fxsr sse sse2 ss ht tm pbe syscall nx pdpe1gb rdtscp lm constant_tsc art arch_perfmon pebs bts rep_good nopl xtopology nonstop_tsc cpuid aperfmperf tsc_known_freq pni pclmulqdq dtes64 monitor ds_cpl vmx smx est tm2 ssse3 sdbg fma cx16 xtpr pdcm pcid sse4_1 sse4_2 x2apic movbe popcnt tsc_deadline_timer aes xsave avx f16c rdrand lahf_lm abm 3dnowprefetch cpuid_fault epb invpcid_single pti tpr_shadow vnmi flexpriority ept vpid fsgsbase tsc_adjust bmi1 hle avx2 smep bmi2 erms invpcid rtm mpx rdseed adx smap clflushopt intel_pt xsaveopt xsavec xgetbv1 xsaves dtherm ida arat pln pts hwp hwp_notify hwp_act_window hwp_epp
bugs		: cpu_meltdown spectre_v1 spectre_v2 spec_store_bypass l1tf
bogomips	: 5808.00
clflush size	: 64
cache_alignment	: 64
address sizes	: 39 bits physical, 48 bits virtual
power management:

processor	: 2
vendor_id	: GenuineIntel
cpu family	: 6
model		: 142
model name	: Intel(R) Core(TM) i7-7600U CPU @ 2.80GHz
stepping	: 9
microcode	: 0x8e
cpu MHz		: 3700.524
cache size	: 4096 KB
physical id	: 0
siblings	: 4
core id		: 0
cpu cores	: 2
apicid		: 1
initial apicid	: 1
fpu		: yes
fpu_exception	: yes
cpuid level	: 22
wp		: yes
flags		: fpu vme de pse tsc msr pae mce cx8 apic sep mtrr pge mca cmov pat pse36 clflush dts acpi mmx fxsr sse sse2 ss ht tm pbe syscall nx pdpe1gb rdtscp lm constant_tsc art arch_perfmon pebs bts rep_good nopl xtopology nonstop_tsc cpuid aperfmperf tsc_known_freq pni pclmulqdq dtes64 monitor ds_cpl vmx smx est tm2 ssse3 sdbg fma cx16 xtpr pdcm pcid sse4_1 sse4_2 x2apic movbe popcnt tsc_deadline_timer aes xsave avx f16c rdrand lahf_lm abm 3dnowprefetch cpuid_fault epb invpcid_single pti ssbd ibrs ibpb stibp tpr_shadow vnmi flexpriority ept vpid fsgsbase tsc_adjust bmi1 hle avx2 smep bmi2 erms invpcid rtm mpx rdseed adx smap clflushopt intel_pt xsaveopt xsavec xgetbv1 xsaves dtherm ida arat pln pts hwp hwp_notify hwp_act_window hwp_epp flush_l1d
bugs		: cpu_meltdown spectre_v1 spectre_v2 spec_store_bypass l1tf
bogomips	: 5808.00
clflush size	: 64
cache_alignment	: 64
address sizes	: 39 bits physical, 48 bits virtual
power management:

processor	: 3
vendor_id	: GenuineIntel
cpu family	: 6
model		: 142
model name	: Intel(R) Core(TM) i7-7600U CPU @ 2.80GHz
stepping	: 9
microcode	: 0x8e
cpu MHz		: 3702.779
cache size	: 4096 KB
physical id	: 0
siblings	: 4
core id		: 1
cpu cores	: 2
apicid		: 3
initial apicid	: 3
fpu		: yes
fpu_exception	: yes
cpuid level	: 22
wp		: yes
flags		: fpu vme de pse tsc msr pae mce cx8 apic sep mtrr pge mca cmov pat pse36 clflush dts acpi mmx fxsr sse sse2 ss ht tm pbe syscall nx pdpe1gb rdtscp lm constant_tsc art arch_perfmon pebs bts rep_good nopl xtopology nonstop_tsc cpuid aperfmperf tsc_known_freq pni pclmulqdq dtes64 monitor ds_cpl vmx smx est tm2 ssse3 sdbg fma cx16 xtpr pdcm pcid sse4_1 sse4_2 x2apic movbe popcnt tsc_deadline_timer aes xsave avx f16c rdrand lahf_lm abm 3dnowprefetch cpuid_fault epb invpcid_single pti ssbd ibrs ibpb stibp tpr_shadow vnmi flexpriority ept vpid fsgsbase tsc_adjust bmi1 hle avx2 smep bmi2 erms invpcid rtm mpx rdseed adx smap clflushopt intel_pt xsaveopt xsavec xgetbv1 xsaves dtherm ida arat pln pts hwp hwp_notify hwp_act_window hwp_epp flush_l1d
bugs		: cpu_meltdown spectre_v1 spectre_v2 spec_store_bypass l1tf
bogomips	: 5808.00
clflush size	: 64
cache_alignment	: 64
address sizes	: 39 bits physical, 48 bits virtual
power management:



Memory: 4k page, physical 16307696k(481116k free), swap 2097148k(2097148k free)

vm_info: Java HotSpot(TM) 64-Bit Server VM (25.181-b13) for linux-amd64 JRE (1.8.0_181-b13), built on Jul  7 2018 00:56:38 by "java_re" with gcc 4.3.0 20080428 (Red Hat 4.3.0-8)

time: Thu Sep  6 17:12:39 2018
elapsed time: 3355 seconds (0d 0h 55m 55s)

